#
# There is insufficient memory for the Java Runtime Environment to continue.
# Native memory allocation (malloc) failed to allocate 1143376 bytes for Chunk::new
# Possible reasons:
#   The system is out of physical RAM or swap space
#   In 32 bit mode, the process size limit was hit
# Possible solutions:
#   Reduce memory load on the system
#   Increase physical memory or swap space
#   Check if swap backing store is full
#   Use 64 bit Java on a 64 bit OS
#   Decrease Java heap size (-Xmx/-Xms)
#   Decrease number of Java threads
#   Decrease Java thread stack sizes (-Xss)
#   Set larger code cache with -XX:ReservedCodeCacheSize=
# This output file may be truncated or incomplete.
#
#  Out of Memory Error (allocation.cpp:390), pid=1704, tid=0x0000000000002904
#
# JRE version: OpenJDK Runtime Environment (8.0_152-b06) (build 1.8.0_152-release-1136-b06)
# Java VM: OpenJDK 64-Bit Server VM (25.152-b06 mixed mode windows-amd64 compressed oops)
# Failed to write core dump. Minidumps are not enabled by default on client versions of Windows
#

---------------  T H R E A D  ---------------

Current thread (0x0000000018059000):  JavaThread "C2 CompilerThread1" daemon [_thread_in_native, id=10500, stack(0x0000000018750000,0x0000000018850000)]

Stack: [0x0000000018750000,0x0000000018850000]
[error occurred during error reporting (printing stack bounds), id 0xc0000005]

Native frames: (J=compiled Java code, j=interpreted, Vv=VM code, C=native code)


Current CompileTask:
C2:  65897 12204       4       com.sun.tools.javac.code.Types::union (166 bytes)


---------------  P R O C E S S  ---------------

Java Threads: ( => current thread )
  0x0000000019e2d000 JavaThread "Cache worker for Java compile cache (C:\Users\apple\Desktop\GatdaWatda4.19.1\.gradle\4.6\javaCompile)" [_thread_blocked, id=15864, stack(0x00000000253d0000,0x00000000254d0000)]
  0x0000000019e2f000 JavaThread "RMI TCP Connection(1)-127.0.0.1" daemon [_thread_in_native, id=208, stack(0x00000000252d0000,0x00000000253d0000)]
  0x0000000019e2d800 JavaThread "RMI Reaper" [_thread_blocked, id=15096, stack(0x00000000251d0000,0x00000000252d0000)]
  0x0000000019e2e800 JavaThread "RMI TCP Accept-0" daemon [_thread_in_native, id=10704, stack(0x00000000250d0000,0x00000000251d0000)]
  0x0000000019e33000 JavaThread "GC Daemon" daemon [_thread_blocked, id=14352, stack(0x0000000024fd0000,0x00000000250d0000)]
  0x0000000019e33800 JavaThread "RMI Scheduler(0)" daemon [_thread_blocked, id=8932, stack(0x0000000024dd0000,0x0000000024ed0000)]
  0x0000000019e31800 JavaThread "stdout" daemon [_thread_in_native, id=12588, stack(0x00000000248d0000,0x00000000249d0000)]
  0x0000000019e30800 JavaThread "stderr" daemon [_thread_in_native, id=16868, stack(0x00000000247d0000,0x00000000248d0000)]
  0x0000000019e28800 JavaThread "stdout" daemon [_thread_in_native, id=16332, stack(0x00000000246d0000,0x00000000247d0000)]
  0x0000000019e2a800 JavaThread "stderr" daemon [_thread_in_native, id=14364, stack(0x00000000245d0000,0x00000000246d0000)]
  0x0000000019e2a000 JavaThread "stdout" daemon [_thread_in_native, id=3692, stack(0x00000000244d0000,0x00000000245d0000)]
  0x0000000019e29000 JavaThread "stderr" daemon [_thread_in_native, id=8296, stack(0x00000000243d0000,0x00000000244d0000)]
  0x0000000019e2c000 JavaThread "pool-3-thread-1" [_thread_blocked, id=9532, stack(0x00000000242d0000,0x00000000243d0000)]
  0x000000001bbe6000 JavaThread "Task worker for ':' Thread 3" [_thread_in_native, id=9424, stack(0x0000000023720000,0x0000000023820000)]
  0x000000001bbed000 JavaThread "Task worker for ':' Thread 2" [_thread_blocked, id=4920, stack(0x0000000023620000,0x0000000023720000)]
  0x000000001bbec000 JavaThread "Task worker for ':'" [_thread_blocked, id=12632, stack(0x0000000023520000,0x0000000023620000)]
  0x000000001bbe4800 JavaThread "Cache worker for Build Output Cleanup Cache (C:\Users\apple\Desktop\GatdaWatda4.19.1\.gradle\buildOutputCleanup)" [_thread_blocked, id=16508, stack(0x0000000023420000,0x0000000023520000)]
  0x000000001bbeb800 JavaThread "Cache worker for task history cache (C:\Users\apple\Desktop\GatdaWatda4.19.1\.gradle\4.6\taskHistory)" [_thread_blocked, id=10472, stack(0x0000000023320000,0x0000000023420000)]
  0x000000001bbe3800 JavaThread "Cache worker for file content cache (C:\Users\apple\Desktop\GatdaWatda4.19.1\.gradle\4.6\fileContent)" [_thread_blocked, id=14616, stack(0x0000000023000000,0x0000000023100000)]
  0x000000001bbe9800 JavaThread "Memory manager" [_thread_blocked, id=10212, stack(0x0000000021c20000,0x0000000021d20000)]
  0x0000000019194000 JavaThread "Build operations Thread 4" [_thread_blocked, id=12432, stack(0x00000000204a0000,0x00000000205a0000)]
  0x000000001919a000 JavaThread "Build operations Thread 3" [_thread_blocked, id=13332, stack(0x00000000203a0000,0x00000000204a0000)]
  0x0000000019199000 JavaThread "Build operations Thread 2" [_thread_blocked, id=6056, stack(0x000000001ffb0000,0x00000000200b0000)]
  0x0000000019198800 JavaThread "Build operations" [_thread_blocked, id=10684, stack(0x000000001ee90000,0x000000001ef90000)]
  0x0000000019197800 JavaThread "Cache worker for Artifact transforms cache (C:\Users\apple\.gradle\caches\transforms-1)" [_thread_blocked, id=12988, stack(0x000000001eb90000,0x000000001ec90000)]
  0x0000000019195800 JavaThread "Cache worker for file hash cache (C:\Users\apple\Desktop\GatdaWatda4.19.1\.gradle\4.6\fileHashes)" [_thread_blocked, id=7164, stack(0x000000001b400000,0x000000001b500000)]
  0x0000000019b49800 JavaThread "File lock request listener" [_thread_in_native, id=16036, stack(0x000000001b300000,0x000000001b400000)]
  0x00000000190e7000 JavaThread "Cache worker for file hash cache (C:\Users\apple\.gradle\caches\4.6\fileHashes)" [_thread_blocked, id=7828, stack(0x000000001b200000,0x000000001b300000)]
  0x0000000018e71000 JavaThread "Stdin handler" [_thread_blocked, id=6876, stack(0x000000001af00000,0x000000001b000000)]
  0x0000000019a94800 JavaThread "Asynchronous log dispatcher for DefaultDaemonConnection: socket connection from /127.0.0.1:13873 to /127.0.0.1:13874" [_thread_blocked, id=2976, stack(0x000000001ae00000,0x000000001af00000)]
  0x0000000019a91000 JavaThread "Daemon worker" [_thread_blocked, id=5868, stack(0x000000001ad00000,0x000000001ae00000)]
  0x0000000018e7b800 JavaThread "Cancel handler" [_thread_blocked, id=10612, stack(0x000000001ac00000,0x000000001ad00000)]
  0x0000000018d66800 JavaThread "Handler for socket connection from /127.0.0.1:13873 to /127.0.0.1:13874" [_thread_in_native, id=6896, stack(0x000000001a900000,0x000000001aa00000)]
  0x00000000181c1800 JavaThread "Daemon" [_thread_blocked, id=14608, stack(0x000000001a800000,0x000000001a900000)]
  0x00000000181b6800 JavaThread "Daemon periodic checks" [_thread_blocked, id=16248, stack(0x000000001a700000,0x000000001a800000)]
  0x00000000181b5000 JavaThread "Incoming local TCP Connector on port 13873" [_thread_in_native, id=16816, stack(0x000000001a520000,0x000000001a620000)]
  0x00000000180e4800 JavaThread "Service Thread" daemon [_thread_blocked, id=7904, stack(0x0000000018950000,0x0000000018a50000)]
  0x000000001807f800 JavaThread "C1 CompilerThread2" daemon [_thread_blocked, id=14712, stack(0x0000000018850000,0x0000000018950000)]
=>0x0000000018059000 JavaThread "C2 CompilerThread1" daemon [_thread_in_native, id=10500, stack(0x0000000018750000,0x0000000018850000)]
  0x0000000016d01800 JavaThread "C2 CompilerThread0" daemon [_thread_blocked, id=13408, stack(0x0000000018650000,0x0000000018750000)]
  0x0000000016d00800 JavaThread "Attach Listener" daemon [_thread_blocked, id=15548, stack(0x0000000018550000,0x0000000018650000)]
  0x0000000018058800 JavaThread "Signal Dispatcher" daemon [_thread_blocked, id=2360, stack(0x0000000018450000,0x0000000018550000)]
  0x000000000337c000 JavaThread "Finalizer" daemon [_thread_blocked, id=14564, stack(0x0000000017f50000,0x0000000018050000)]
  0x0000000016cb7000 JavaThread "Reference Handler" daemon [_thread_blocked, id=16056, stack(0x0000000017e50000,0x0000000017f50000)]
  0x000000000327e000 JavaThread "main" [_thread_blocked, id=11076, stack(0x00000000030c0000,0x00000000031c0000)]

Other Threads:
  0x0000000016cb4800 VMThread [stack: 0x0000000017d50000,0x0000000017e50000] [id=15108]
  0x00000000180e5800 WatcherThread [stack: 0x0000000018a50000,0x0000000018b50000] [id=8568]

VM state:not at safepoint (normal execution)

VM Mutex/Monitor currently owned by a thread: None

Heap:
 PSYoungGen      total 289280K, used 88072K [0x00000000e0000000, 0x00000000f8a80000, 0x0000000100000000)
  eden space 266752K, 33% used [0x00000000e0000000,0x00000000e5602398,0x00000000f0480000)
  from space 22528K, 0% used [0x00000000f0480000,0x00000000f0480000,0x00000000f1a80000)
  to   space 40448K, 0% used [0x00000000f6300000,0x00000000f6300000,0x00000000f8a80000)
 ParOldGen       total 215040K, used 99493K [0x00000000a0000000, 0x00000000ad200000, 0x00000000e0000000)
  object space 215040K, 46% used [0x00000000a0000000,0x00000000a6129720,0x00000000ad200000)
 Metaspace       used 74981K, capacity 77101K, committed 77312K, reserved 1116160K
  class space    used 9854K, capacity 10393K, committed 10496K, reserved 1048576K

Card table byte_map: [0x0000000012740000,0x0000000012a50000] byte_map_base: 0x0000000012240000

Marking Bits: (ParMarkBitMap*) 0x0000000057945aa0
 Begin Bits: [0x0000000013050000, 0x0000000014850000)
 End Bits:   [0x0000000014850000, 0x0000000016050000)

Polling page: 0x0000000000de0000

CodeCache: size=245760Kb used=33394Kb max_used=34580Kb free=212365Kb
 bounds [0x0000000003380000, 0x0000000005570000, 0x0000000012380000]
 total_blobs=10898 nmethods=10054 adapters=756
 compilation: enabled

Compilation events (10 events):
Event: 65.846 Thread 0x000000001807f800 nmethod 12307 0x00000000047c0d90 code [0x00000000047c0f20, 0x00000000047c11b8]
Event: 65.847 Thread 0x000000001807f800 12308       3       com.sun.tools.javac.tree.JCTree$JCExpressionStatement::getTag (4 bytes)
Event: 65.847 Thread 0x000000001807f800 nmethod 12308 0x0000000004e9c1d0 code [0x0000000004e9c320, 0x0000000004e9c470]
Event: 65.848 Thread 0x000000001807f800 12309       3       com.sun.tools.javac.comp.Lower::translate (47 bytes)
Event: 65.849 Thread 0x000000001807f800 nmethod 12309 0x0000000004967310 code [0x00000000049674c0, 0x0000000004967c48]
Event: 65.851 Thread 0x000000001807f800 12310       3       com.sun.tools.javac.jvm.Items$SelfItem::load (25 bytes)
Event: 65.851 Thread 0x000000001807f800 nmethod 12310 0x0000000003506110 code [0x0000000003506280, 0x0000000003506488]
Event: 65.868 Thread 0x0000000016d01800 nmethod 12306 0x0000000004314fd0 code [0x0000000004315260, 0x00000000043160a0]
Event: 65.889 Thread 0x000000001807f800 12311       3       com.sun.tools.javac.jvm.ClassWriter::putChar (30 bytes)
Event: 65.890 Thread 0x000000001807f800 nmethod 12311 0x00000000043f6ad0 code [0x00000000043f6c40, 0x00000000043f6df0]

GC Heap History (10 events):
Event: 25.426 GC heap before
{Heap before GC invocations=15 (full 3):
 PSYoungGen      total 239104K, used 9312K [0x00000000e0000000, 0x00000000f0500000, 0x0000000100000000)
  eden space 220672K, 0% used [0x00000000e0000000,0x00000000e0000000,0x00000000ed780000)
  from space 18432K, 50% used [0x00000000ee880000,0x00000000ef1983e8,0x00000000efa80000)
  to   space 17408K, 0% used [0x00000000ed780000,0x00000000ed780000,0x00000000ee880000)
 ParOldGen       total 68096K, used 34378K [0x00000000a0000000, 0x00000000a4280000, 0x00000000e0000000)
  object space 68096K, 50% used [0x00000000a0000000,0x00000000a21928d0,0x00000000a4280000)
 Metaspace       used 57115K, capacity 58900K, committed 59008K, reserved 1099776K
  class space    used 7787K, capacity 8231K, committed 8320K, reserved 1048576K
Event: 25.916 GC heap after
Heap after GC invocations=15 (full 3):
 PSYoungGen      total 239104K, used 0K [0x00000000e0000000, 0x00000000f0500000, 0x0000000100000000)
  eden space 220672K, 0% used [0x00000000e0000000,0x00000000e0000000,0x00000000ed780000)
  from space 18432K, 0% used [0x00000000ee880000,0x00000000ee880000,0x00000000efa80000)
  to   space 17408K, 0% used [0x00000000ed780000,0x00000000ed780000,0x00000000ee880000)
 ParOldGen       total 112128K, used 38377K [0x00000000a0000000, 0x00000000a6d80000, 0x00000000e0000000)
  object space 112128K, 34% used [0x00000000a0000000,0x00000000a257a628,0x00000000a6d80000)
 Metaspace       used 57115K, capacity 58900K, committed 59008K, reserved 1099776K
  class space    used 7787K, capacity 8231K, committed 8320K, reserved 1048576K
}
Event: 35.181 GC heap before
{Heap before GC invocations=16 (full 3):
 PSYoungGen      total 239104K, used 220672K [0x00000000e0000000, 0x00000000f0500000, 0x0000000100000000)
  eden space 220672K, 100% used [0x00000000e0000000,0x00000000ed780000,0x00000000ed780000)
  from space 18432K, 0% used [0x00000000ee880000,0x00000000ee880000,0x00000000efa80000)
  to   space 17408K, 0% used [0x00000000ed780000,0x00000000ed780000,0x00000000ee880000)
 ParOldGen       total 112128K, used 38377K [0x00000000a0000000, 0x00000000a6d80000, 0x00000000e0000000)
  object space 112128K, 34% used [0x00000000a0000000,0x00000000a257a628,0x00000000a6d80000)
 Metaspace       used 59917K, capacity 61814K, committed 62080K, reserved 1103872K
  class space    used 8047K, capacity 8521K, committed 8576K, reserved 1048576K
Event: 35.249 GC heap after
Heap after GC invocations=16 (full 3):
 PSYoungGen      total 238080K, used 17381K [0x00000000e0000000, 0x00000000f3780000, 0x0000000100000000)
  eden space 220672K, 0% used [0x00000000e0000000,0x00000000e0000000,0x00000000ed780000)
  from space 17408K, 99% used [0x00000000ed780000,0x00000000ee879478,0x00000000ee880000)
  to   space 22528K, 0% used [0x00000000f2180000,0x00000000f2180000,0x00000000f3780000)
 ParOldGen       total 112128K, used 45184K [0x00000000a0000000, 0x00000000a6d80000, 0x00000000e0000000)
  object space 112128K, 40% used [0x00000000a0000000,0x00000000a2c201a8,0x00000000a6d80000)
 Metaspace       used 59917K, capacity 61814K, committed 62080K, reserved 1103872K
  class space    used 8047K, capacity 8521K, committed 8576K, reserved 1048576K
}
Event: 55.501 GC heap before
{Heap before GC invocations=17 (full 3):
 PSYoungGen      total 238080K, used 238053K [0x00000000e0000000, 0x00000000f3780000, 0x0000000100000000)
  eden space 220672K, 100% used [0x00000000e0000000,0x00000000ed780000,0x00000000ed780000)
  from space 17408K, 99% used [0x00000000ed780000,0x00000000ee879478,0x00000000ee880000)
  to   space 22528K, 0% used [0x00000000f2180000,0x00000000f2180000,0x00000000f3780000)
 ParOldGen       total 112128K, used 45184K [0x00000000a0000000, 0x00000000a6d80000, 0x00000000e0000000)
  object space 112128K, 40% used [0x00000000a0000000,0x00000000a2c201a8,0x00000000a6d80000)
 Metaspace       used 67891K, capacity 69995K, committed 70272K, reserved 1110016K
  class space    used 9071K, capacity 9578K, committed 9600K, reserved 1048576K
Event: 55.565 GC heap after
Heap after GC invocations=17 (full 3):
 PSYoungGen      total 282112K, used 14620K [0x00000000e0000000, 0x00000000f3080000, 0x0000000100000000)
  eden space 266752K, 0% used [0x00000000e0000000,0x00000000e0000000,0x00000000f0480000)
  from space 15360K, 95% used [0x00000000f2180000,0x00000000f2fc73e8,0x00000000f3080000)
  to   space 22528K, 0% used [0x00000000f0480000,0x00000000f0480000,0x00000000f1a80000)
 ParOldGen       total 112128K, used 60840K [0x00000000a0000000, 0x00000000a6d80000, 0x00000000e0000000)
  object space 112128K, 54% used [0x00000000a0000000,0x00000000a3b6a140,0x00000000a6d80000)
 Metaspace       used 67891K, capacity 69995K, committed 70272K, reserved 1110016K
  class space    used 9071K, capacity 9578K, committed 9600K, reserved 1048576K
}
Event: 63.285 GC heap before
{Heap before GC invocations=18 (full 3):
 PSYoungGen      total 282112K, used 281372K [0x00000000e0000000, 0x00000000f3080000, 0x0000000100000000)
  eden space 266752K, 100% used [0x00000000e0000000,0x00000000f0480000,0x00000000f0480000)
  from space 15360K, 95% used [0x00000000f2180000,0x00000000f2fc73e8,0x00000000f3080000)
  to   space 22528K, 0% used [0x00000000f0480000,0x00000000f0480000,0x00000000f1a80000)
 ParOldGen       total 112128K, used 60840K [0x00000000a0000000, 0x00000000a6d80000, 0x00000000e0000000)
  object space 112128K, 54% used [0x00000000a0000000,0x00000000a3b6a140,0x00000000a6d80000)
 Metaspace       used 74186K, capacity 76333K, committed 76416K, reserved 1116160K
  class space    used 9779K, capacity 10329K, committed 10368K, reserved 1048576K
Event: 63.451 GC heap after
Heap after GC invocations=18 (full 3):
 PSYoungGen      total 289280K, used 22507K [0x00000000e0000000, 0x00000000f8a80000, 0x0000000100000000)
  eden space 266752K, 0% used [0x00000000e0000000,0x00000000e0000000,0x00000000f0480000)
  from space 22528K, 99% used [0x00000000f0480000,0x00000000f1a7ae60,0x00000000f1a80000)
  to   space 40448K, 0% used [0x00000000f6300000,0x00000000f6300000,0x00000000f8a80000)
 ParOldGen       total 112128K, used 99967K [0x00000000a0000000, 0x00000000a6d80000, 0x00000000e0000000)
  object space 112128K, 89% used [0x00000000a0000000,0x00000000a619ffe0,0x00000000a6d80000)
 Metaspace       used 74186K, capacity 76333K, committed 76416K, reserved 1116160K
  class space    used 9779K, capacity 10329K, committed 10368K, reserved 1048576K
}
Event: 63.451 GC heap before
{Heap before GC invocations=19 (full 4):
 PSYoungGen      total 289280K, used 22507K [0x00000000e0000000, 0x00000000f8a80000, 0x0000000100000000)
  eden space 266752K, 0% used [0x00000000e0000000,0x00000000e0000000,0x00000000f0480000)
  from space 22528K, 99% used [0x00000000f0480000,0x00000000f1a7ae60,0x00000000f1a80000)
  to   space 40448K, 0% used [0x00000000f6300000,0x00000000f6300000,0x00000000f8a80000)
 ParOldGen       total 112128K, used 99967K [0x00000000a0000000, 0x00000000a6d80000, 0x00000000e0000000)
  object space 112128K, 89% used [0x00000000a0000000,0x00000000a619ffe0,0x00000000a6d80000)
 Metaspace       used 74186K, capacity 76333K, committed 76416K, reserved 1116160K
  class space    used 9779K, capacity 10329K, committed 10368K, reserved 1048576K
Event: 64.263 GC heap after
Heap after GC invocations=19 (full 4):
 PSYoungGen      total 289280K, used 0K [0x00000000e0000000, 0x00000000f8a80000, 0x0000000100000000)
  eden space 266752K, 0% used [0x00000000e0000000,0x00000000e0000000,0x00000000f0480000)
  from space 22528K, 0% used [0x00000000f0480000,0x00000000f0480000,0x00000000f1a80000)
  to   space 40448K, 0% used [0x00000000f6300000,0x00000000f6300000,0x00000000f8a80000)
 ParOldGen       total 215040K, used 99493K [0x00000000a0000000, 0x00000000ad200000, 0x00000000e0000000)
  object space 215040K, 46% used [0x00000000a0000000,0x00000000a6129720,0x00000000ad200000)
 Metaspace       used 74186K, capacity 76333K, committed 76416K, reserved 1116160K
  class space    used 9779K, capacity 10329K, committed 10368K, reserved 1048576K
}

Deoptimization events (10 events):
Event: 65.410 Thread 0x000000001bbe6000 Uncommon trap: reason=class_check action=maybe_recompile pc=0x00000000054fab14 method=com.sun.tools.javac.code.Types.rank(Lcom/sun/tools/javac/code/Type;)I @ 131
Event: 65.410 Thread 0x000000001bbe6000 Uncommon trap: reason=class_check action=maybe_recompile pc=0x00000000054fa958 method=com.sun.tools.javac.code.Types.rank(Lcom/sun/tools/javac/code/Type;)I @ 1
Event: 65.410 Thread 0x000000001bbe6000 Uncommon trap: reason=class_check action=maybe_recompile pc=0x00000000054fa958 method=com.sun.tools.javac.code.Types.rank(Lcom/sun/tools/javac/code/Type;)I @ 1
Event: 65.410 Thread 0x000000001bbe6000 Uncommon trap: reason=class_check action=maybe_recompile pc=0x00000000054fab14 method=com.sun.tools.javac.code.Types.rank(Lcom/sun/tools/javac/code/Type;)I @ 131
Event: 65.419 Thread 0x000000001bbe6000 Uncommon trap: reason=unstable_if action=reinterpret pc=0x0000000005563e94 method=com.sun.tools.javac.code.Types$15.visitType(Lcom/sun/tools/javac/code/Type;Ljava/lang/Boolean;)Lcom/sun/tools/javac/code/Type; @ 14
Event: 65.426 Thread 0x000000001bbe6000 Uncommon trap: reason=unstable_if action=reinterpret pc=0x0000000004d19430 method=com.sun.tools.javac.code.Symbol$MethodSymbol.getKind()Ljavax/lang/model/element/ElementKind; @ 41
Event: 65.427 Thread 0x000000001bbe6000 Uncommon trap: reason=unstable_if action=reinterpret pc=0x0000000004ac0718 method=com.sun.tools.javac.util.ListBuffer.append(Ljava/lang/Object;)Lcom/sun/tools/javac/util/ListBuffer; @ 9
Event: 65.563 Thread 0x000000001bbe6000 Uncommon trap: reason=unstable_if action=reinterpret pc=0x00000000054dca58 method=com.sun.tools.javac.code.Scope.lookup(Lcom/sun/tools/javac/util/Name;Lcom/sun/tools/javac/util/Filter;)Lcom/sun/tools/javac/code/Scope$Entry; @ 19
Event: 65.655 Thread 0x000000001bbe6000 Uncommon trap: reason=unstable_if action=reinterpret pc=0x0000000005466950 method=com.sun.tools.javac.util.Convert.chars2utf([CI[BII)I @ 35
Event: 65.656 Thread 0x000000001bbe6000 Uncommon trap: reason=unstable_if action=reinterpret pc=0x0000000004b79c1c method=com.sun.tools.javac.util.Convert.chars2utf([CI[BII)I @ 35

Classes redefined (0 events):
No events

Internal exceptions (10 events):
Event: 50.296 Thread 0x000000001bbe6000 Exception <a 'java/lang/NoSuchMethodError': <clinit>> (0x00000000ed065aa8) thrown at [D:\src\AOSP-openjdk-cygwin\jdk8u\hotspot\src\share\vm\prims\jni.cpp, line 1613]
Event: 50.297 Thread 0x000000001bbe6000 Exception <a 'java/lang/NoSuchMethodError': <clinit>> (0x00000000ed075960) thrown at [D:\src\AOSP-openjdk-cygwin\jdk8u\hotspot\src\share\vm\prims\jni.cpp, line 1613]
Event: 50.304 Thread 0x000000001bbe6000 Exception <a 'java/lang/NoSuchMethodError': <clinit>> (0x00000000ed0d65a8) thrown at [D:\src\AOSP-openjdk-cygwin\jdk8u\hotspot\src\share\vm\prims\jni.cpp, line 1613]
Event: 50.334 Thread 0x000000001bbe6000 Exception <a 'java/lang/NoSuchMethodError': <clinit>> (0x00000000ed2062c0) thrown at [D:\src\AOSP-openjdk-cygwin\jdk8u\hotspot\src\share\vm\prims\jni.cpp, line 1613]
Event: 50.341 Thread 0x000000001bbe6000 Exception <a 'java/lang/NoSuchMethodError': <clinit>> (0x00000000ed310cb8) thrown at [D:\src\AOSP-openjdk-cygwin\jdk8u\hotspot\src\share\vm\prims\jni.cpp, line 1613]
Event: 55.925 Thread 0x000000001bbe6000 Exception <a 'sun/nio/fs/WindowsException'> (0x00000000e0abe540) thrown at [D:\src\AOSP-openjdk-cygwin\jdk8u\hotspot\src\share\vm\prims\jni.cpp, line 709]
Event: 62.051 Thread 0x000000001bbe6000 Implicit null exception at 0x000000000521d471 to 0x000000000521d82d
Event: 62.211 Thread 0x000000001bbe6000 Implicit null exception at 0x000000000528cd82 to 0x000000000528eddd
Event: 64.263 Thread 0x000000001bbe6000 Implicit null exception at 0x0000000004abdf8c to 0x0000000004abe691
Event: 64.279 Thread 0x000000001bbe6000 Implicit null exception at 0x0000000005108988 to 0x0000000005109081

Events (10 events):
Event: 65.563 Thread 0x000000001bbe6000 DEOPT PACKING pc=0x00000000054dca58 sp=0x000000002381aa50
Event: 65.563 Thread 0x000000001bbe6000 DEOPT UNPACKING pc=0x00000000033c557b sp=0x000000002381aa00 mode 2
Event: 65.655 Thread 0x000000001bbe6000 Uncommon trap: trap_request=0xffffff65 fr.pc=0x0000000005466950
Event: 65.655 Thread 0x000000001bbe6000 DEOPT PACKING pc=0x0000000005466950 sp=0x000000002381c700
Event: 65.655 Thread 0x000000001bbe6000 DEOPT UNPACKING pc=0x00000000033c557b sp=0x000000002381c5f8 mode 2
Event: 65.656 Thread 0x000000001bbe6000 Uncommon trap: trap_request=0xffffff65 fr.pc=0x0000000004b79c1c
Event: 65.656 Thread 0x000000001bbe6000 DEOPT PACKING pc=0x0000000004b79c1c sp=0x000000002381c650
Event: 65.656 Thread 0x000000001bbe6000 DEOPT UNPACKING pc=0x00000000033c557b sp=0x000000002381c5e0 mode 2
Event: 65.830 Executing VM operation: ForceSafepoint
Event: 65.830 Executing VM operation: ForceSafepoint done


Dynamic libraries:
0x00007ff6b13a0000 - 0x00007ff6b13d1000 	C:\Program Files\Android\Android Studio\jre\bin\java.exe
0x00007ff963550000 - 0x00007ff96373d000 	C:\WINDOWS\SYSTEM32\ntdll.dll
0x00007ff963250000 - 0x00007ff963303000 	C:\WINDOWS\System32\KERNEL32.DLL
0x00007ff9602d0000 - 0x00007ff960563000 	C:\WINDOWS\System32\KERNELBASE.dll
0x00007ff961ff0000 - 0x00007ff962093000 	C:\WINDOWS\System32\ADVAPI32.dll
0x00007ff961e90000 - 0x00007ff961f2e000 	C:\WINDOWS\System32\msvcrt.dll
0x00007ff963080000 - 0x00007ff96311e000 	C:\WINDOWS\System32\sechost.dll
0x00007ff963120000 - 0x00007ff963242000 	C:\WINDOWS\System32\RPCRT4.dll
0x00007ff962db0000 - 0x00007ff962f47000 	C:\WINDOWS\System32\USER32.dll
0x00007ff95faa0000 - 0x00007ff95fac0000 	C:\WINDOWS\System32\win32u.dll
0x00007ff962f60000 - 0x00007ff962f89000 	C:\WINDOWS\System32\GDI32.dll
0x00007ff95f6d0000 - 0x00007ff95f86a000 	C:\WINDOWS\System32\gdi32full.dll
0x00007ff95fac0000 - 0x00007ff95fb60000 	C:\WINDOWS\System32\msvcp_win.dll
0x00007ff9605d0000 - 0x00007ff9606ca000 	C:\WINDOWS\System32\ucrtbase.dll
0x00007ff951130000 - 0x00007ff9513a9000 	C:\WINDOWS\WinSxS\amd64_microsoft.windows.common-controls_6595b64144ccf1df_6.0.17763.437_none_05b63dca071e5dd6\COMCTL32.dll
0x00007ff962840000 - 0x00007ff962b6c000 	C:\WINDOWS\System32\combase.dll
0x00007ff9606d0000 - 0x00007ff96074e000 	C:\WINDOWS\System32\bcryptPrimitives.dll
0x00007ff962300000 - 0x00007ff96232e000 	C:\WINDOWS\System32\IMM32.DLL
0x0000000056fc0000 - 0x0000000057092000 	C:\Program Files\Android\Android Studio\jre\jre\bin\msvcr100.dll
0x0000000057180000 - 0x00000000579c1000 	C:\Program Files\Android\Android Studio\jre\jre\bin\server\jvm.dll
0x00007ff962f50000 - 0x00007ff962f58000 	C:\WINDOWS\System32\PSAPI.DLL
0x00007ff951d60000 - 0x00007ff951d69000 	C:\WINDOWS\SYSTEM32\WSOCK32.dll
0x00007ff951f10000 - 0x00007ff951f34000 	C:\WINDOWS\SYSTEM32\WINMM.dll
0x00007ff962350000 - 0x00007ff9623bd000 	C:\WINDOWS\System32\WS2_32.dll
0x00007ff958640000 - 0x00007ff95864a000 	C:\WINDOWS\SYSTEM32\VERSION.dll
0x00007ff951ee0000 - 0x00007ff951f0d000 	C:\WINDOWS\SYSTEM32\WINMMBASE.dll
0x00007ff95fa50000 - 0x00007ff95fa9a000 	C:\WINDOWS\System32\cfgmgr32.dll
0x00007ff95b7b0000 - 0x00007ff95b7bf000 	C:\Program Files\Android\Android Studio\jre\jre\bin\verify.dll
0x00007ff957aa0000 - 0x00007ff957ac9000 	C:\Program Files\Android\Android Studio\jre\jre\bin\java.dll
0x00007ff95a360000 - 0x00007ff95a376000 	C:\Program Files\Android\Android Studio\jre\jre\bin\zip.dll
0x00007ff960840000 - 0x00007ff961d30000 	C:\WINDOWS\System32\SHELL32.dll
0x00007ff9620a0000 - 0x00007ff962148000 	C:\WINDOWS\System32\shcore.dll
0x00007ff95fb80000 - 0x00007ff9602ca000 	C:\WINDOWS\System32\windows.storage.dll
0x00007ff95f590000 - 0x00007ff95f5b4000 	C:\WINDOWS\System32\profapi.dll
0x00007ff95f5c0000 - 0x00007ff95f61d000 	C:\WINDOWS\System32\powrprof.dll
0x00007ff963310000 - 0x00007ff963362000 	C:\WINDOWS\System32\shlwapi.dll
0x00007ff95f550000 - 0x00007ff95f561000 	C:\WINDOWS\System32\kernel.appcore.dll
0x00007ff95fb60000 - 0x00007ff95fb77000 	C:\WINDOWS\System32\cryptsp.dll
0x00007ff95a0f0000 - 0x00007ff95a10a000 	C:\Program Files\Android\Android Studio\jre\jre\bin\net.dll
0x00007ff95ed70000 - 0x00007ff95edd7000 	C:\WINDOWS\system32\mswsock.dll
0x00007ff952d20000 - 0x00007ff952d31000 	C:\Program Files\Android\Android Studio\jre\jre\bin\nio.dll
0x00007ff95a170000 - 0x00007ff95a18e000 	C:\Users\apple\.gradle\native\25\windows-amd64\native-platform.dll
0x00007ff95b770000 - 0x00007ff95b77d000 	C:\Program Files\Android\Android Studio\jre\jre\bin\management.dll
0x00007ff95e930000 - 0x00007ff95e963000 	C:\WINDOWS\system32\rsaenh.dll
0x00007ff960750000 - 0x00007ff960776000 	C:\WINDOWS\System32\bcrypt.dll
0x00007ff95f480000 - 0x00007ff95f4a8000 	C:\WINDOWS\SYSTEM32\USERENV.dll
0x00007ff95ef40000 - 0x00007ff95ef4c000 	C:\WINDOWS\SYSTEM32\CRYPTBASE.dll
0x00007ff95ead0000 - 0x00007ff95eb0d000 	C:\WINDOWS\SYSTEM32\IPHLPAPI.DLL
0x00007ff960780000 - 0x00007ff960788000 	C:\WINDOWS\System32\NSI.dll
0x00007ff955550000 - 0x00007ff955566000 	C:\WINDOWS\SYSTEM32\dhcpcsvc6.DLL
0x00007ff955530000 - 0x00007ff95554c000 	C:\WINDOWS\SYSTEM32\dhcpcsvc.DLL
0x00007ff95eb10000 - 0x00007ff95ebd6000 	C:\WINDOWS\SYSTEM32\DNSAPI.dll

VM Arguments:
jvm_args: -Xmx1536m -Dfile.encoding=x-windows-949 -Duser.country=KR -Duser.language=ko -Duser.variant 
java_command: org.gradle.launcher.daemon.bootstrap.GradleDaemon 4.6
java_class_path (initial): C:\Users\apple\.gradle\wrapper\dists\gradle-4.6-all\bcst21l2brirad8k2ben1letg\gradle-4.6\lib\gradle-launcher-4.6.jar
Launcher Type: SUN_STANDARD

Environment Variables:
JAVA_HOME=C:\Program Files\Java\jdk-11.0.2
CLASSPATH=C:\Program Files\Java\jdk-11.0.2\lib
PATH=C:\Program Files\Java\jdk-11.0.2\bin;C:\oraclexe\app\oracle\product\10.2.0\server\bin;C:\app\apple\product\11.2.0\dbhome_1\bin;C:\Program Files (x86)\Intel\iCLS Client\;C:\Program Files\Intel\iCLS Client\;C:\WINDOWS\system32;C:\WINDOWS;C:\WINDOWS\System32\Wbem;C:\WINDOWS\System32\WindowsPowerShell\v1.0\;C:\WINDOWS\System32\OpenSSH\;C:\Program Files\Java\jdk-11.0.2\bin;C:\Program Files\Git\cmd;C:\Apache24\bin;C:\Users\apple\AppData\Local\Programs\Python\Python37-32\Scripts\;C:\Users\apple\AppData\Local\Programs\Python\Python37-32\;C:\Users\apple\AppData\Local\Microsoft\WindowsApps;C:\Program Files\Bandizip\
USERNAME=apple
OS=Windows_NT
PROCESSOR_IDENTIFIER=Intel64 Family 6 Model 69 Stepping 1, GenuineIntel



---------------  S Y S T E M  ---------------

OS: Windows 10.0 , 64 bit Build 17763 (10.0.17763.437)

CPU:total 4 (initial active 4) (2 cores per cpu, 2 threads per core) family 6 model 69 stepping 1, cmov, cx8, fxsr, mmx, sse, sse2, sse3, ssse3, sse4.1, sse4.2, popcnt, avx, avx2, aes, clmul, erms, lzcnt, ht, tsc, tscinvbit, bmi1, bmi2

Memory: 4k page, physical 8294660k(851844k free), swap 18133152k(296k free)

vm_info: OpenJDK 64-Bit Server VM (25.152-b06) for windows-amd64 JRE (1.8.0_152-release-1136-b06), built by "builder" with MS VC++ 10.0 (VS2010)

time: Sat Apr 20 02:38:36 2019
elapsed time: 65 seconds (0d 0h 1m 5s)

