#
# There is insufficient memory for the Java Runtime Environment to continue.
# Native memory allocation (malloc) failed to allocate 570896 bytes for Chunk::new
# Possible reasons:
#   The system is out of physical RAM or swap space
#   In 32 bit mode, the process size limit was hit
# Possible solutions:
#   Reduce memory load on the system
#   Increase physical memory or swap space
#   Check if swap backing store is full
#   Use 64 bit Java on a 64 bit OS
#   Decrease Java heap size (-Xmx/-Xms)
#   Decrease number of Java threads
#   Decrease Java thread stack sizes (-Xss)
#   Set larger code cache with -XX:ReservedCodeCacheSize=
# This output file may be truncated or incomplete.
#
#  Out of Memory Error (allocation.cpp:390), pid=2908, tid=0x00000000000043e4
#
# JRE version: OpenJDK Runtime Environment (8.0_152-b06) (build 1.8.0_152-release-1136-b06)
# Java VM: OpenJDK 64-Bit Server VM (25.152-b06 mixed mode windows-amd64 compressed oops)
# Failed to write core dump. Minidumps are not enabled by default on client versions of Windows
#

---------------  T H R E A D  ---------------

Current thread (0x0000000017459000):  JavaThread "C2 CompilerThread1" daemon [_thread_in_native, id=17380, stack(0x0000000018e90000,0x0000000018f90000)]

Stack: [0x0000000018e90000,0x0000000018f90000]
[error occurred during error reporting (printing stack bounds), id 0xc0000005]

Native frames: (J=compiled Java code, j=interpreted, Vv=VM code, C=native code)


Current CompileTask:
C2:  15230 1554       4       org.jetbrains.kotlin.com.intellij.openapi.vfs.impl.ZipHandlerBase::getOrCreate (217 bytes)


---------------  P R O C E S S  ---------------

Java Threads: ( => current thread )
  0x0000000018819000 JavaThread "Service Thread" daemon [_thread_blocked, id=15996, stack(0x0000000019090000,0x0000000019190000)]
  0x000000001745c800 JavaThread "C1 CompilerThread2" daemon [_thread_blocked, id=17148, stack(0x0000000018f90000,0x0000000019090000)]
=>0x0000000017459000 JavaThread "C2 CompilerThread1" daemon [_thread_in_native, id=17380, stack(0x0000000018e90000,0x0000000018f90000)]
  0x0000000017443000 JavaThread "C2 CompilerThread0" daemon [_thread_in_native, id=9288, stack(0x0000000018d90000,0x0000000018e90000)]
  0x0000000017455000 JavaThread "Attach Listener" daemon [_thread_blocked, id=15672, stack(0x0000000018c90000,0x0000000018d90000)]
  0x00000000187d3800 JavaThread "Signal Dispatcher" daemon [_thread_blocked, id=11592, stack(0x0000000018b90000,0x0000000018c90000)]
  0x00000000028cd000 JavaThread "Finalizer" daemon [_thread_blocked, id=12828, stack(0x0000000018690000,0x0000000018790000)]
  0x00000000028c7000 JavaThread "Reference Handler" daemon [_thread_blocked, id=11732, stack(0x0000000018590000,0x0000000018690000)]
  0x00000000027d7800 JavaThread "main" [_thread_in_Java, id=6980, stack(0x0000000002610000,0x0000000002710000)]

Other Threads:
  0x00000000173f5800 VMThread [stack: 0x0000000018490000,0x0000000018590000] [id=8476]
  0x000000001882a000 WatcherThread [stack: 0x0000000019190000,0x0000000019290000] [id=15140]

VM state:not at safepoint (normal execution)

VM Mutex/Monitor currently owned by a thread: None

Heap:
 PSYoungGen      total 38400K, used 15190K [0x00000000d5d00000, 0x00000000d9380000, 0x0000000100000000)
  eden space 33280K, 30% used [0x00000000d5d00000,0x00000000d66d6738,0x00000000d7d80000)
  from space 5120K, 99% used [0x00000000d7d80000,0x00000000d827f430,0x00000000d8280000)
  to   space 5120K, 0% used [0x00000000d8e80000,0x00000000d8e80000,0x00000000d9380000)
 ParOldGen       total 65536K, used 11417K [0x0000000081600000, 0x0000000085600000, 0x00000000d5d00000)
  object space 65536K, 17% used [0x0000000081600000,0x00000000821264c8,0x0000000085600000)
 Metaspace       used 21503K, capacity 21965K, committed 22144K, reserved 1071104K
  class space    used 2759K, capacity 2893K, committed 2944K, reserved 1048576K

Card table byte_map: [0x0000000011c90000,0x0000000012090000] byte_map_base: 0x0000000011885000

Marking Bits: (ParMarkBitMap*) 0x0000000057945aa0
 Begin Bits: [0x0000000012740000, 0x00000000146e8000)
 End Bits:   [0x00000000146e8000, 0x0000000016690000)

Polling page: 0x0000000002120000

CodeCache: size=245760Kb used=4871Kb max_used=4871Kb free=240888Kb
 bounds [0x00000000028d0000, 0x0000000002da0000, 0x00000000118d0000]
 total_blobs=1964 nmethods=1572 adapters=304
 compilation: enabled

Compilation events (10 events):
Event: 15.219 Thread 0x000000001745c800 1581       3       sun.nio.cs.ISO_8859_1::newDecoder (10 bytes)
Event: 15.220 Thread 0x000000001745c800 nmethod 1581 0x0000000002d90dd0 code [0x0000000002d90f80, 0x0000000002d912c8]
Event: 15.220 Thread 0x000000001745c800 1582       3       sun.nio.cs.ISO_8859_1$Decoder::<init> (6 bytes)
Event: 15.220 Thread 0x000000001745c800 nmethod 1582 0x0000000002d91450 code [0x0000000002d91600, 0x0000000002d91868]
Event: 15.220 Thread 0x000000001745c800 1583       3       sun.nio.cs.ISO_8859_1$Decoder::<init> (8 bytes)
Event: 15.220 Thread 0x000000001745c800 nmethod 1583 0x0000000002d91990 code [0x0000000002d91b20, 0x0000000002d91d28]
Event: 15.220 Thread 0x000000001745c800 1584       3       org.jetbrains.kotlin.com.intellij.openapi.util.text.StringUtil::trimStart (59 bytes)
Event: 15.224 Thread 0x000000001745c800 nmethod 1584 0x0000000002d91e10 code [0x0000000002d91fe0, 0x0000000002d92678]
Event: 15.224 Thread 0x000000001745c800 1587       3       java.util.jar.Manifest$FastInputStream::readLine (167 bytes)
Event: 15.225 Thread 0x000000001745c800 nmethod 1587 0x0000000002d92890 code [0x0000000002d92a40, 0x0000000002d92ff8]

GC Heap History (8 events):
Event: 2.752 GC heap before
{Heap before GC invocations=1 (full 0):
 PSYoungGen      total 38400K, used 33280K [0x00000000d5d00000, 0x00000000d8780000, 0x0000000100000000)
  eden space 33280K, 100% used [0x00000000d5d00000,0x00000000d7d80000,0x00000000d7d80000)
  from space 5120K, 0% used [0x00000000d8280000,0x00000000d8280000,0x00000000d8780000)
  to   space 5120K, 0% used [0x00000000d7d80000,0x00000000d7d80000,0x00000000d8280000)
 ParOldGen       total 87552K, used 0K [0x0000000081600000, 0x0000000086b80000, 0x00000000d5d00000)
  object space 87552K, 0% used [0x0000000081600000,0x0000000081600000,0x0000000086b80000)
 Metaspace       used 9263K, capacity 10004K, committed 10112K, reserved 1058816K
  class space    used 1045K, capacity 1104K, committed 1152K, reserved 1048576K
Event: 2.762 GC heap after
Heap after GC invocations=1 (full 0):
 PSYoungGen      total 38400K, used 5093K [0x00000000d5d00000, 0x00000000d8780000, 0x0000000100000000)
  eden space 33280K, 0% used [0x00000000d5d00000,0x00000000d5d00000,0x00000000d7d80000)
  from space 5120K, 99% used [0x00000000d7d80000,0x00000000d82796f8,0x00000000d8280000)
  to   space 5120K, 0% used [0x00000000d8280000,0x00000000d8280000,0x00000000d8780000)
 ParOldGen       total 87552K, used 3189K [0x0000000081600000, 0x0000000086b80000, 0x00000000d5d00000)
  object space 87552K, 3% used [0x0000000081600000,0x000000008191d7e8,0x0000000086b80000)
 Metaspace       used 9263K, capacity 10004K, committed 10112K, reserved 1058816K
  class space    used 1045K, capacity 1104K, committed 1152K, reserved 1048576K
}
Event: 3.699 GC heap before
{Heap before GC invocations=2 (full 0):
 PSYoungGen      total 38400K, used 32784K [0x00000000d5d00000, 0x00000000d8780000, 0x0000000100000000)
  eden space 33280K, 83% used [0x00000000d5d00000,0x00000000d780a990,0x00000000d7d80000)
  from space 5120K, 99% used [0x00000000d7d80000,0x00000000d82796f8,0x00000000d8280000)
  to   space 5120K, 0% used [0x00000000d8280000,0x00000000d8280000,0x00000000d8780000)
 ParOldGen       total 87552K, used 3189K [0x0000000081600000, 0x0000000086b80000, 0x00000000d5d00000)
  object space 87552K, 3% used [0x0000000081600000,0x000000008191d7e8,0x0000000086b80000)
 Metaspace       used 15990K, capacity 16246K, committed 16384K, reserved 1069056K
  class space    used 1902K, capacity 1995K, committed 2048K, reserved 1048576K
Event: 3.709 GC heap after
Heap after GC invocations=2 (full 0):
 PSYoungGen      total 38400K, used 5107K [0x00000000d5d00000, 0x00000000d8780000, 0x0000000100000000)
  eden space 33280K, 0% used [0x00000000d5d00000,0x00000000d5d00000,0x00000000d7d80000)
  from space 5120K, 99% used [0x00000000d8280000,0x00000000d877cef8,0x00000000d8780000)
  to   space 5120K, 0% used [0x00000000d7d80000,0x00000000d7d80000,0x00000000d8280000)
 ParOldGen       total 87552K, used 7254K [0x0000000081600000, 0x0000000086b80000, 0x00000000d5d00000)
  object space 87552K, 8% used [0x0000000081600000,0x0000000081d15b18,0x0000000086b80000)
 Metaspace       used 15990K, capacity 16246K, committed 16384K, reserved 1069056K
  class space    used 1902K, capacity 1995K, committed 2048K, reserved 1048576K
}
Event: 3.709 GC heap before
{Heap before GC invocations=3 (full 1):
 PSYoungGen      total 38400K, used 5107K [0x00000000d5d00000, 0x00000000d8780000, 0x0000000100000000)
  eden space 33280K, 0% used [0x00000000d5d00000,0x00000000d5d00000,0x00000000d7d80000)
  from space 5120K, 99% used [0x00000000d8280000,0x00000000d877cef8,0x00000000d8780000)
  to   space 5120K, 0% used [0x00000000d7d80000,0x00000000d7d80000,0x00000000d8280000)
 ParOldGen       total 87552K, used 7254K [0x0000000081600000, 0x0000000086b80000, 0x00000000d5d00000)
  object space 87552K, 8% used [0x0000000081600000,0x0000000081d15b18,0x0000000086b80000)
 Metaspace       used 15990K, capacity 16246K, committed 16384K, reserved 1069056K
  class space    used 1902K, capacity 1995K, committed 2048K, reserved 1048576K
Event: 3.742 GC heap after
Heap after GC invocations=3 (full 1):
 PSYoungGen      total 38400K, used 0K [0x00000000d5d00000, 0x00000000d8780000, 0x0000000100000000)
  eden space 33280K, 0% used [0x00000000d5d00000,0x00000000d5d00000,0x00000000d7d80000)
  from space 5120K, 0% used [0x00000000d8280000,0x00000000d8280000,0x00000000d8780000)
  to   space 5120K, 0% used [0x00000000d7d80000,0x00000000d7d80000,0x00000000d8280000)
 ParOldGen       total 65536K, used 8908K [0x0000000081600000, 0x0000000085600000, 0x00000000d5d00000)
  object space 65536K, 13% used [0x0000000081600000,0x0000000081eb3158,0x0000000085600000)
 Metaspace       used 15990K, capacity 16246K, committed 16384K, reserved 1067008K
  class space    used 1902K, capacity 1995K, committed 2048K, reserved 1048576K
}
Event: 15.134 GC heap before
{Heap before GC invocations=4 (full 1):
 PSYoungGen      total 38400K, used 33280K [0x00000000d5d00000, 0x00000000d8780000, 0x0000000100000000)
  eden space 33280K, 100% used [0x00000000d5d00000,0x00000000d7d80000,0x00000000d7d80000)
  from space 5120K, 0% used [0x00000000d8280000,0x00000000d8280000,0x00000000d8780000)
  to   space 5120K, 0% used [0x00000000d7d80000,0x00000000d7d80000,0x00000000d8280000)
 ParOldGen       total 65536K, used 8908K [0x0000000081600000, 0x0000000085600000, 0x00000000d5d00000)
  object space 65536K, 13% used [0x0000000081600000,0x0000000081eb3158,0x0000000085600000)
 Metaspace       used 21311K, capacity 21706K, committed 21888K, reserved 1071104K
  class space    used 2748K, capacity 2893K, committed 2944K, reserved 1048576K
Event: 15.142 GC heap after
Heap after GC invocations=4 (full 1):
 PSYoungGen      total 38400K, used 5117K [0x00000000d5d00000, 0x00000000d9380000, 0x0000000100000000)
  eden space 33280K, 0% used [0x00000000d5d00000,0x00000000d5d00000,0x00000000d7d80000)
  from space 5120K, 99% used [0x00000000d7d80000,0x00000000d827f430,0x00000000d8280000)
  to   space 5120K, 0% used [0x00000000d8e80000,0x00000000d8e80000,0x00000000d9380000)
 ParOldGen       total 65536K, used 11417K [0x0000000081600000, 0x0000000085600000, 0x00000000d5d00000)
  object space 65536K, 17% used [0x0000000081600000,0x00000000821264c8,0x0000000085600000)
 Metaspace       used 21311K, capacity 21706K, committed 21888K, reserved 1071104K
  class space    used 2748K, capacity 2893K, committed 2944K, reserved 1048576K
}

Deoptimization events (10 events):
Event: 3.969 Thread 0x00000000027d7800 Uncommon trap: reason=class_check action=maybe_recompile pc=0x0000000002c00dec method=java.util.Collections$UnmodifiableList.get(I)Ljava/lang/Object; @ 5
Event: 3.972 Thread 0x00000000027d7800 Uncommon trap: reason=unstable_if action=reinterpret pc=0x0000000002c72cb0 method=java.lang.String.startsWith(Ljava/lang/String;I)Z @ 25
Event: 3.972 Thread 0x00000000027d7800 Uncommon trap: reason=unstable_if action=reinterpret pc=0x0000000002a29388 method=java.lang.String.startsWith(Ljava/lang/String;I)Z @ 25
Event: 4.466 Thread 0x00000000027d7800 Uncommon trap: reason=unstable_if action=reinterpret pc=0x0000000002be43a4 method=java.lang.String.<init>([CII)V @ 18
Event: 14.938 Thread 0x00000000027d7800 Uncommon trap: reason=unstable_if action=reinterpret pc=0x0000000002d5c7ac method=org.jetbrains.kotlin.com.intellij.openapi.vfs.impl.ZipHandlerBase.getOrCreate(Ljava/lang/String;Ljava/util/Map;Ljava/util/zip/ZipFile;)Lorg/jetbrains/kotlin/com/intellij/ope
Event: 15.188 Thread 0x00000000027d7800 Uncommon trap: reason=unstable_if action=reinterpret pc=0x0000000002cf3cdc method=java.lang.ref.ReferenceQueue.poll()Ljava/lang/ref/Reference; @ 4
Event: 15.191 Thread 0x00000000027d7800 Uncommon trap: reason=class_check action=maybe_recompile pc=0x0000000002d7a958 method=java.lang.AbstractStringBuilder.append(Ljava/lang/CharSequence;II)Ljava/lang/AbstractStringBuilder; @ 18
Event: 15.191 Thread 0x00000000027d7800 Uncommon trap: reason=class_check action=maybe_recompile pc=0x0000000002d7a958 method=java.lang.AbstractStringBuilder.append(Ljava/lang/CharSequence;II)Ljava/lang/AbstractStringBuilder; @ 18
Event: 15.192 Thread 0x00000000027d7800 Uncommon trap: reason=class_check action=maybe_recompile pc=0x0000000002d7a958 method=java.lang.AbstractStringBuilder.append(Ljava/lang/CharSequence;II)Ljava/lang/AbstractStringBuilder; @ 18
Event: 15.192 Thread 0x00000000027d7800 Uncommon trap: reason=class_check action=maybe_recompile pc=0x0000000002d7a958 method=java.lang.AbstractStringBuilder.append(Ljava/lang/CharSequence;II)Ljava/lang/AbstractStringBuilder; @ 18

Classes redefined (0 events):
No events

Internal exceptions (10 events):
Event: 1.974 Thread 0x00000000027d7800 Exception <a 'java/security/PrivilegedActionException'> (0x00000000d67e32e8) thrown at [D:\src\AOSP-openjdk-cygwin\jdk8u\hotspot\src\share\vm\prims\jvm.cpp, line 1390]
Event: 2.656 Thread 0x00000000027d7800 Exception <a 'java/lang/ArrayIndexOutOfBoundsException'> (0x00000000d77db9b8) thrown at [D:\src\AOSP-openjdk-cygwin\jdk8u\hotspot\src\share\vm\runtime\sharedRuntime.cpp, line 605]
Event: 2.776 Thread 0x00000000027d7800 Exception <a 'java/lang/ArrayIndexOutOfBoundsException'> (0x00000000d5dfeec8) thrown at [D:\src\AOSP-openjdk-cygwin\jdk8u\hotspot\src\share\vm\runtime\sharedRuntime.cpp, line 605]
Event: 2.979 Thread 0x00000000027d7800 Exception <a 'java/lang/NoSuchFieldError': method resolution failed> (0x00000000d69860e8) thrown at [D:\src\AOSP-openjdk-cygwin\jdk8u\hotspot\src\share\vm\prims\methodHandles.cpp, line 1167]
Event: 2.980 Thread 0x00000000027d7800 Exception <a 'java/lang/NoSuchFieldError': method resolution failed> (0x00000000d69935f0) thrown at [D:\src\AOSP-openjdk-cygwin\jdk8u\hotspot\src\share\vm\prims\methodHandles.cpp, line 1167]
Event: 3.502 Thread 0x00000000027d7800 Implicit null exception at 0x0000000002cc35bb to 0x0000000002cc3bfd
Event: 3.667 Thread 0x00000000027d7800 Exception <a 'java/lang/NoSuchMethodError': java.lang.Object.lambda$comparing$77a9974f$1(Ljava/util/function/Function;Ljava/lang/Object;Ljava/lang/Object;)I> (0x00000000d75980e8) thrown at [D:\src\AOSP-openjdk-cygwin\jdk8u\hotspot\src\share\vm\interpreter
Event: 3.795 Thread 0x00000000027d7800 Exception <a 'java/lang/ArrayIndexOutOfBoundsException': 67> (0x00000000d6037fb0) thrown at [D:\src\AOSP-openjdk-cygwin\jdk8u\hotspot\src\share\vm\interpreter\interpreterRuntime.cpp, line 366]
Event: 3.925 Thread 0x00000000027d7800 Exception <a 'java/lang/NoSuchMethodError': java.lang.Object.lambda$static$0(I)[Lorg/jetbrains/kotlin/com/intellij/openapi/editor/event/DocumentListener;> (0x00000000d6876038) thrown at [D:\src\AOSP-openjdk-cygwin\jdk8u\hotspot\src\share\vm\interpreter\li
Event: 3.956 Thread 0x00000000027d7800 Exception <a 'java/lang/NoSuchMethodError': java.lang.Object.lambda$static$0(I)[Lorg/jetbrains/kotlin/com/intellij/psi/PsiAnnotation;> (0x00000000d6a3d940) thrown at [D:\src\AOSP-openjdk-cygwin\jdk8u\hotspot\src\share\vm\interpreter\linkResolver.cpp, line

Events (10 events):
Event: 15.211 loading class org/jetbrains/kotlin/com/intellij/openapi/vfs/VfsUtilCore
Event: 15.211 loading class org/jetbrains/kotlin/com/intellij/openapi/vfs/VfsUtilCore done
Event: 15.212 loading class org/jetbrains/kotlin/com/intellij/openapi/vfs/VirtualFileVisitor
Event: 15.212 loading class org/jetbrains/kotlin/com/intellij/openapi/vfs/VirtualFileVisitor done
Event: 15.212 loading class org/jetbrains/kotlin/com/intellij/openapi/vfs/VfsUtilCore$2
Event: 15.212 loading class org/jetbrains/kotlin/com/intellij/openapi/vfs/VfsUtilCore$2 done
Event: 15.212 loading class org/jetbrains/kotlin/com/intellij/openapi/vfs/InvalidVirtualFileAccessException
Event: 15.212 loading class org/jetbrains/kotlin/com/intellij/openapi/vfs/InvalidVirtualFileAccessException done
Event: 15.213 loading class org/jetbrains/kotlin/cli/jvm/JvmRuntimeVersionsConsistencyChecker$KotlinLibraryFile
Event: 15.213 loading class org/jetbrains/kotlin/cli/jvm/JvmRuntimeVersionsConsistencyChecker$KotlinLibraryFile done


Dynamic libraries:
0x00007ff78ced0000 - 0x00007ff78cf01000 	C:\Program Files\Android\Android Studio\jre\jre\bin\java.exe
0x00007ff963550000 - 0x00007ff96373d000 	C:\WINDOWS\SYSTEM32\ntdll.dll
0x00007ff963250000 - 0x00007ff963303000 	C:\WINDOWS\System32\KERNEL32.DLL
0x00007ff9602d0000 - 0x00007ff960563000 	C:\WINDOWS\System32\KERNELBASE.dll
0x00007ff961ff0000 - 0x00007ff962093000 	C:\WINDOWS\System32\ADVAPI32.dll
0x00007ff961e90000 - 0x00007ff961f2e000 	C:\WINDOWS\System32\msvcrt.dll
0x00007ff963080000 - 0x00007ff96311e000 	C:\WINDOWS\System32\sechost.dll
0x00007ff963120000 - 0x00007ff963242000 	C:\WINDOWS\System32\RPCRT4.dll
0x00007ff962db0000 - 0x00007ff962f47000 	C:\WINDOWS\System32\USER32.dll
0x00007ff95faa0000 - 0x00007ff95fac0000 	C:\WINDOWS\System32\win32u.dll
0x00007ff962f60000 - 0x00007ff962f89000 	C:\WINDOWS\System32\GDI32.dll
0x00007ff95f6d0000 - 0x00007ff95f86a000 	C:\WINDOWS\System32\gdi32full.dll
0x00007ff95fac0000 - 0x00007ff95fb60000 	C:\WINDOWS\System32\msvcp_win.dll
0x00007ff9605d0000 - 0x00007ff9606ca000 	C:\WINDOWS\System32\ucrtbase.dll
0x00007ff951130000 - 0x00007ff9513a9000 	C:\WINDOWS\WinSxS\amd64_microsoft.windows.common-controls_6595b64144ccf1df_6.0.17763.437_none_05b63dca071e5dd6\COMCTL32.dll
0x00007ff962840000 - 0x00007ff962b6c000 	C:\WINDOWS\System32\combase.dll
0x00007ff9606d0000 - 0x00007ff96074e000 	C:\WINDOWS\System32\bcryptPrimitives.dll
0x00007ff962300000 - 0x00007ff96232e000 	C:\WINDOWS\System32\IMM32.DLL
0x0000000056fc0000 - 0x0000000057092000 	C:\Program Files\Android\Android Studio\jre\jre\bin\msvcr100.dll
0x0000000057180000 - 0x00000000579c1000 	C:\Program Files\Android\Android Studio\jre\jre\bin\server\jvm.dll
0x00007ff962f50000 - 0x00007ff962f58000 	C:\WINDOWS\System32\PSAPI.DLL
0x00007ff951d60000 - 0x00007ff951d69000 	C:\WINDOWS\SYSTEM32\WSOCK32.dll
0x00007ff958640000 - 0x00007ff95864a000 	C:\WINDOWS\SYSTEM32\VERSION.dll
0x00007ff951f10000 - 0x00007ff951f34000 	C:\WINDOWS\SYSTEM32\WINMM.dll
0x00007ff962350000 - 0x00007ff9623bd000 	C:\WINDOWS\System32\WS2_32.dll
0x00007ff951ee0000 - 0x00007ff951f0d000 	C:\WINDOWS\SYSTEM32\WINMMBASE.dll
0x00007ff95fa50000 - 0x00007ff95fa9a000 	C:\WINDOWS\System32\cfgmgr32.dll
0x00007ff95b7b0000 - 0x00007ff95b7bf000 	C:\Program Files\Android\Android Studio\jre\jre\bin\verify.dll
0x00007ff957aa0000 - 0x00007ff957ac9000 	C:\Program Files\Android\Android Studio\jre\jre\bin\java.dll
0x00007ff95a360000 - 0x00007ff95a376000 	C:\Program Files\Android\Android Studio\jre\jre\bin\zip.dll
0x00007ff960840000 - 0x00007ff961d30000 	C:\WINDOWS\System32\SHELL32.dll
0x00007ff9620a0000 - 0x00007ff962148000 	C:\WINDOWS\System32\shcore.dll
0x00007ff95fb80000 - 0x00007ff9602ca000 	C:\WINDOWS\System32\windows.storage.dll
0x00007ff95f590000 - 0x00007ff95f5b4000 	C:\WINDOWS\System32\profapi.dll
0x00007ff95f5c0000 - 0x00007ff95f61d000 	C:\WINDOWS\System32\powrprof.dll
0x00007ff963310000 - 0x00007ff963362000 	C:\WINDOWS\System32\shlwapi.dll
0x00007ff95f550000 - 0x00007ff95f561000 	C:\WINDOWS\System32\kernel.appcore.dll
0x00007ff95fb60000 - 0x00007ff95fb77000 	C:\WINDOWS\System32\cryptsp.dll
0x00007ff95a0f0000 - 0x00007ff95a10a000 	C:\Program Files\Android\Android Studio\jre\jre\bin\net.dll
0x00007ff95ed70000 - 0x00007ff95edd7000 	C:\WINDOWS\system32\mswsock.dll
0x00007ff952d20000 - 0x00007ff952d31000 	C:\Program Files\Android\Android Studio\jre\jre\bin\nio.dll

VM Arguments:
java_command: org.jetbrains.kotlin.cli.jvm.K2JVMCompiler -Xadd-compiler-builtins -Xbuild-file=C:\Users\apple\AppData\Local\Temp\kjps3374215836989795398app_debug.script.xml -classpath C:\Users\apple\.gradle\caches\transforms-1\files-1.1\design-28.0.0.aar\13ac3ce96315ac394140814985b39939\jars\classes.jar;C:\Users\apple\.gradle\caches\transforms-1\files-1.1\android-image-cropper-2.6.0.aar\ed14eada5ce10f9a84011760c72e3d77\jars\classes.jar;C:\Users\apple\.gradle\caches\transforms-1\files-1.1\cosmocalendar-1.0.4.aar\f716632e9064fcec10536608a1624e81\jars\classes.jar;C:\Users\apple\.gradle\caches\transforms-1\files-1.1\appcompat-v7-28.0.0.aar\2daa2298ac388c3c6c23c59c29908cfc\jars\classes.jar;C:\Users\apple\.gradle\caches\transforms-1\files-1.1\constraint-layout-1.1.3.aar\6ae34ba3e1464dd9d97fa205e59e43d6\jars\classes.jar;C:\Users\apple\.gradle\caches\transforms-1\files-1.1\material-calendarview-1.4.2.aar\e2747f40f14314d021543e58d428fc76\jars\classes.jar;C:\Users\apple\.gradle\caches\transforms-1\files-1.1\firebase-ui-firestore-4.3.1.aar\0be1b3bba0cebb93694cc7e3af174ea1\jars\classes.jar;C:\Users\apple\.gradle\caches\transforms-1\files-1.1\play-services-maps-12.0.1.aar\a93fe58425b704b2267e5509a8ffdc8c\jars\classes.jar;C:\Users\apple\.gradle\caches\transforms-1\files-1.1\play-services-auth-12.0.1.aar\abf0807b3a293c03b20dc4f267d4c4de\jars\classes.jar;C:\Users\apple\.gradle\caches\transforms-1\files-1.1\firebase-auth-12.0.1.aar\03b3d94bde9818c9d952bb7753186104\jars\classes.jar;C:\Users\apple\.gradle\caches\transforms-1\files-1.1\firebase-storage-12.0.1.aar\d67578324d9ae2a5bbc65b4fc6de770e\jars\classes.jar;C:\Users\apple\.gradle\caches\transforms-1\files-1.1\firebase-firestore-12.0.1.aar\8813da29b66bc0e37fc4de7d890fe4a4\jars\classes.jar;C:\Users\apple\.gradle\caches\transforms-1\files-1.1\firebase-database-12.0.1.aar\2a75174ac9f2041e77f485aead2cc327\jars\classes.jar;C:\Users\apple\.gradle\caches\transforms-1\files-1.1\play-services-location-12.0.1.aar\40839da137a7e2a0ac0ee862962
java_class_path (initial): C:\Users\apple\.gradle\caches\modules-2\files-2.1\org.jetbrains.kotlin\kotlin-compiler-embeddable\1.2.71\a79f934bfbc1c7e16638da3474feab351735f1c0\kotlin-compiler-embeddable-1.2.71.jar;C:\Users\apple\.gradle\caches\modules-2\files-2.1\org.jetbrains.kotlin\kotlin-reflect\1.2.71\7512db3b3182753bd2e48ce8d345abbadc40fe6b\kotlin-reflect-1.2.71.jar;C:\Users\apple\.gradle\caches\modules-2\files-2.1\org.jetbrains.kotlin\kotlin-stdlib\1.2.71\d9717625bb3c731561251f8dd2c67a1011d6764c\kotlin-stdlib-1.2.71.jar;C:\Users\apple\.gradle\caches\modules-2\files-2.1\org.jetbrains.kotlin\kotlin-script-runtime\1.2.71\d5439926359caa899f41e1915b19d6d23e49750b\kotlin-script-runtime-1.2.71.jar;C:\Users\apple\.gradle\caches\modules-2\files-2.1\org.jetbrains.kotlin\kotlin-stdlib-common\1.2.71\ba18ca1aa0e40eb6f1865b324af2f4cbb691c1ec\kotlin-stdlib-common-1.2.71.jar;C:\Users\apple\.gradle\caches\modules-2\files-2.1\org.jetbrains\annotations\13.0\919f0dfe192fb4e063e7dacadee7f8bb9a2672a9\annotations-13.0.jar;C:\Program Files\Android\Android Studio\jre\lib\tools.jar
Launcher Type: SUN_STANDARD

Environment Variables:
JAVA_HOME=C:\Program Files\Java\jdk-11.0.2
CLASSPATH=C:\Program Files\Java\jdk-11.0.2\lib
PATH=C:\Program Files\Java\jdk-11.0.2\bin;C:\oraclexe\app\oracle\product\10.2.0\server\bin;C:\app\apple\product\11.2.0\dbhome_1\bin;C:\Program Files (x86)\Intel\iCLS Client\;C:\Program Files\Intel\iCLS Client\;C:\WINDOWS\system32;C:\WINDOWS;C:\WINDOWS\System32\Wbem;C:\WINDOWS\System32\WindowsPowerShell\v1.0\;C:\WINDOWS\System32\OpenSSH\;C:\Program Files\Java\jdk-11.0.2\bin;C:\Program Files\Git\cmd;C:\Apache24\bin;C:\Users\apple\AppData\Local\Programs\Python\Python37-32\Scripts\;C:\Users\apple\AppData\Local\Programs\Python\Python37-32\;C:\Users\apple\AppData\Local\Microsoft\WindowsApps;C:\Program Files\Bandizip\
USERNAME=apple
OS=Windows_NT
PROCESSOR_IDENTIFIER=Intel64 Family 6 Model 69 Stepping 1, GenuineIntel



---------------  S Y S T E M  ---------------

OS: Windows 10.0 , 64 bit Build 17763 (10.0.17763.437)

CPU:total 4 (initial active 4) (2 cores per cpu, 2 threads per core) family 6 model 69 stepping 1, cmov, cx8, fxsr, mmx, sse, sse2, sse3, ssse3, sse4.1, sse4.2, popcnt, avx, avx2, aes, clmul, erms, lzcnt, ht, tsc, tscinvbit, bmi1, bmi2

Memory: 4k page, physical 8294660k(2399892k free), swap 18133152k(5380k free)

vm_info: OpenJDK 64-Bit Server VM (25.152-b06) for windows-amd64 JRE (1.8.0_152-release-1136-b06), built by "builder" with MS VC++ 10.0 (VS2010)

time: Sun Apr 21 17:24:22 2019
elapsed time: 15 seconds (0d 0h 0m 15s)

