#
# There is insufficient memory for the Java Runtime Environment to continue.
# Native memory allocation (malloc) failed to allocate 241856 bytes for Chunk::new
# Possible reasons:
#   The system is out of physical RAM or swap space
#   In 32 bit mode, the process size limit was hit
# Possible solutions:
#   Reduce memory load on the system
#   Increase physical memory or swap space
#   Check if swap backing store is full
#   Use 64 bit Java on a 64 bit OS
#   Decrease Java heap size (-Xmx/-Xms)
#   Decrease number of Java threads
#   Decrease Java thread stack sizes (-Xss)
#   Set larger code cache with -XX:ReservedCodeCacheSize=
# This output file may be truncated or incomplete.
#
#  Out of Memory Error (allocation.cpp:390), pid=16648, tid=0x000000000000264c
#
# JRE version: OpenJDK Runtime Environment (8.0_152-b06) (build 1.8.0_152-release-1136-b06)
# Java VM: OpenJDK 64-Bit Server VM (25.152-b06 mixed mode windows-amd64 compressed oops)
# Failed to write core dump. Minidumps are not enabled by default on client versions of Windows
#

---------------  T H R E A D  ---------------

Current thread (0x0000000017c7b000):  JavaThread "C2 CompilerThread1" daemon [_thread_in_native, id=9804, stack(0x0000000018370000,0x0000000018470000)]

Stack: [0x0000000018370000,0x0000000018470000]
[error occurred during error reporting (printing stack bounds), id 0xc0000005]

Native frames: (J=compiled Java code, j=interpreted, Vv=VM code, C=native code)


Current CompileTask:
C2:   5556 1931 %     4       java.io.WinNTFileSystem::normalize @ 22 (143 bytes)


---------------  P R O C E S S  ---------------

Java Threads: ( => current thread )
  0x0000000018a50000 JavaThread "RMI RenewClean-[127.0.0.1:1915,org.jetbrains.kotlin.daemon.common.LoopbackNetworkInterface$ClientLoopbackSocketFactory@1c168c89]" daemon [_thread_blocked, id=2032, stack(0x0000000019a50000,0x0000000019b50000)]
  0x00000000189e7000 JavaThread "RMI TCP Connection(2)-127.0.0.1" daemon [_thread_in_native, id=1580, stack(0x0000000019950000,0x0000000019a50000)]
  0x00000000189e6000 JavaThread "RMI Scheduler(0)" daemon [_thread_blocked, id=11904, stack(0x0000000019850000,0x0000000019950000)]
  0x00000000189ff800 JavaThread "RMI TCP Connection(1)-127.0.0.1" daemon [_thread_in_native, id=7320, stack(0x0000000019750000,0x0000000019850000)]
  0x0000000002e12800 JavaThread "DestroyJavaVM" [_thread_blocked, id=9220, stack(0x0000000002d10000,0x0000000002e10000)]
  0x00000000189d5000 JavaThread "GC Daemon" daemon [_thread_blocked, id=11180, stack(0x0000000019370000,0x0000000019470000)]
  0x00000000189d4000 JavaThread "RMI Reaper" [_thread_blocked, id=10644, stack(0x0000000019270000,0x0000000019370000)]
  0x0000000018993000 JavaThread "Timer-0" daemon [_thread_blocked, id=7956, stack(0x0000000019070000,0x0000000019170000)]
  0x0000000018989800 JavaThread "RMI TCP Accept-17196" daemon [_thread_in_native, id=8184, stack(0x0000000018f70000,0x0000000019070000)]
  0x0000000017d09800 JavaThread "Service Thread" daemon [_thread_blocked, id=7132, stack(0x0000000018570000,0x0000000018670000)]
  0x0000000017c85800 JavaThread "C1 CompilerThread2" daemon [_thread_blocked, id=12116, stack(0x0000000018470000,0x0000000018570000)]
=>0x0000000017c7b000 JavaThread "C2 CompilerThread1" daemon [_thread_in_native, id=9804, stack(0x0000000018370000,0x0000000018470000)]
  0x00000000168da800 JavaThread "C2 CompilerThread0" daemon [_thread_in_native, id=12656, stack(0x0000000018270000,0x0000000018370000)]
  0x000000001688e000 JavaThread "Attach Listener" daemon [_thread_blocked, id=14904, stack(0x0000000018170000,0x0000000018270000)]
  0x0000000017c78800 JavaThread "Signal Dispatcher" daemon [_thread_blocked, id=10356, stack(0x0000000018070000,0x0000000018170000)]
  0x0000000016868000 JavaThread "Finalizer" daemon [_thread_blocked, id=12768, stack(0x0000000017ae0000,0x0000000017be0000)]
  0x0000000002f03800 JavaThread "Reference Handler" daemon [_thread_blocked, id=1796, stack(0x00000000179e0000,0x0000000017ae0000)]

Other Threads:
  0x0000000016846000 VMThread [stack: 0x00000000178e0000,0x00000000179e0000] [id=13564]
  0x0000000017cb6800 WatcherThread [stack: 0x0000000018670000,0x0000000018770000] [id=16860]

VM state:not at safepoint (normal execution)

VM Mutex/Monitor currently owned by a thread: None

Heap:
 PSYoungGen      total 38400K, used 28327K [0x00000000e0000000, 0x00000000e2a80000, 0x0000000100000000)
  eden space 33280K, 85% used [0x00000000e0000000,0x00000000e1ba9c50,0x00000000e2080000)
  from space 5120K, 0% used [0x00000000e2080000,0x00000000e2080000,0x00000000e2580000)
  to   space 5120K, 0% used [0x00000000e2580000,0x00000000e2580000,0x00000000e2a80000)
 ParOldGen       total 71680K, used 11008K [0x00000000a0000000, 0x00000000a4600000, 0x00000000e0000000)
  object space 71680K, 15% used [0x00000000a0000000,0x00000000a0ac0238,0x00000000a4600000)
 Metaspace       used 25742K, capacity 26243K, committed 26496K, reserved 1073152K
  class space    used 3269K, capacity 3414K, committed 3456K, reserved 1048576K

Card table byte_map: [0x00000000122d0000,0x00000000125e0000] byte_map_base: 0x0000000011dd0000

Marking Bits: (ParMarkBitMap*) 0x0000000057945aa0
 Begin Bits: [0x0000000012be0000, 0x00000000143e0000)
 End Bits:   [0x00000000143e0000, 0x0000000015be0000)

Polling page: 0x0000000000d00000

CodeCache: size=245760Kb used=5913Kb max_used=5928Kb free=239846Kb
 bounds [0x0000000002f10000, 0x00000000034e0000, 0x0000000011f10000]
 total_blobs=2379 nmethods=1933 adapters=359
 compilation: enabled

Compilation events (10 events):
Event: 5.538 Thread 0x0000000017c85800 1933       3       org.jetbrains.kotlin.com.intellij.openapi.util.RecursionManager$2$1::mayCacheNow (25 bytes)
Event: 5.538 Thread 0x0000000017c85800 nmethod 1933 0x00000000034d5650 code [0x00000000034d57e0, 0x00000000034d5ba8]
Event: 5.538 Thread 0x0000000017c85800 1934       3       org.jetbrains.kotlin.com.intellij.openapi.util.RecursionManager$2::markStack (31 bytes)
Event: 5.539 Thread 0x0000000017c85800 nmethod 1934 0x00000000034d4190 code [0x00000000034d4320, 0x00000000034d47c8]
Event: 5.539 Thread 0x0000000017c85800 1935       1       org.jetbrains.kotlin.com.intellij.openapi.util.RecursionManager::access$100 (4 bytes)
Event: 5.539 Thread 0x0000000017c85800 nmethod 1935 0x00000000034d5390 code [0x00000000034d54e0, 0x00000000034d55d0]
Event: 5.539 Thread 0x0000000017c85800 1936       3       org.jetbrains.kotlin.com.intellij.openapi.util.RecursionManager$2$1::<init> (15 bytes)
Event: 5.539 Thread 0x0000000017c85800 nmethod 1936 0x00000000034d3dd0 code [0x00000000034d3f20, 0x00000000034d40f0]
Event: 5.547 Thread 0x0000000017c7b000 nmethod 1928 0x00000000034dc890 code [0x00000000034dca20, 0x00000000034dd768]
Event: 5.547 Thread 0x0000000017c7b000 1931 %     4       java.io.WinNTFileSystem::normalize @ 22 (143 bytes)

GC Heap History (10 events):
Event: 3.313 GC heap before
{Heap before GC invocations=1 (full 0):
 PSYoungGen      total 38400K, used 16176K [0x00000000e0000000, 0x00000000e2a80000, 0x0000000100000000)
  eden space 33280K, 48% used [0x00000000e0000000,0x00000000e0fcc258,0x00000000e2080000)
  from space 5120K, 0% used [0x00000000e2580000,0x00000000e2580000,0x00000000e2a80000)
  to   space 5120K, 0% used [0x00000000e2080000,0x00000000e2080000,0x00000000e2580000)
 ParOldGen       total 87552K, used 0K [0x00000000a0000000, 0x00000000a5580000, 0x00000000e0000000)
  object space 87552K, 0% used [0x00000000a0000000,0x00000000a0000000,0x00000000a5580000)
 Metaspace       used 9187K, capacity 9356K, committed 9600K, reserved 1058816K
  class space    used 985K, capacity 1056K, committed 1152K, reserved 1048576K
Event: 3.318 GC heap after
Heap after GC invocations=1 (full 0):
 PSYoungGen      total 38400K, used 3206K [0x00000000e0000000, 0x00000000e2a80000, 0x0000000100000000)
  eden space 33280K, 0% used [0x00000000e0000000,0x00000000e0000000,0x00000000e2080000)
  from space 5120K, 62% used [0x00000000e2080000,0x00000000e23a1ad0,0x00000000e2580000)
  to   space 5120K, 0% used [0x00000000e2580000,0x00000000e2580000,0x00000000e2a80000)
 ParOldGen       total 87552K, used 8K [0x00000000a0000000, 0x00000000a5580000, 0x00000000e0000000)
  object space 87552K, 0% used [0x00000000a0000000,0x00000000a0002000,0x00000000a5580000)
 Metaspace       used 9187K, capacity 9356K, committed 9600K, reserved 1058816K
  class space    used 985K, capacity 1056K, committed 1152K, reserved 1048576K
}
Event: 3.318 GC heap before
{Heap before GC invocations=2 (full 1):
 PSYoungGen      total 38400K, used 3206K [0x00000000e0000000, 0x00000000e2a80000, 0x0000000100000000)
  eden space 33280K, 0% used [0x00000000e0000000,0x00000000e0000000,0x00000000e2080000)
  from space 5120K, 62% used [0x00000000e2080000,0x00000000e23a1ad0,0x00000000e2580000)
  to   space 5120K, 0% used [0x00000000e2580000,0x00000000e2580000,0x00000000e2a80000)
 ParOldGen       total 87552K, used 8K [0x00000000a0000000, 0x00000000a5580000, 0x00000000e0000000)
  object space 87552K, 0% used [0x00000000a0000000,0x00000000a0002000,0x00000000a5580000)
 Metaspace       used 9187K, capacity 9356K, committed 9600K, reserved 1058816K
  class space    used 985K, capacity 1056K, committed 1152K, reserved 1048576K
Event: 3.332 GC heap after
Heap after GC invocations=2 (full 1):
 PSYoungGen      total 38400K, used 0K [0x00000000e0000000, 0x00000000e2a80000, 0x0000000100000000)
  eden space 33280K, 0% used [0x00000000e0000000,0x00000000e0000000,0x00000000e2080000)
  from space 5120K, 0% used [0x00000000e2080000,0x00000000e2080000,0x00000000e2580000)
  to   space 5120K, 0% used [0x00000000e2580000,0x00000000e2580000,0x00000000e2a80000)
 ParOldGen       total 87552K, used 3053K [0x00000000a0000000, 0x00000000a5580000, 0x00000000e0000000)
  object space 87552K, 3% used [0x00000000a0000000,0x00000000a02fb520,0x00000000a5580000)
 Metaspace       used 9187K, capacity 9356K, committed 9600K, reserved 1058816K
  class space    used 985K, capacity 1056K, committed 1152K, reserved 1048576K
}
Event: 4.095 GC heap before
{Heap before GC invocations=3 (full 1):
 PSYoungGen      total 38400K, used 33280K [0x00000000e0000000, 0x00000000e2a80000, 0x0000000100000000)
  eden space 33280K, 100% used [0x00000000e0000000,0x00000000e2080000,0x00000000e2080000)
  from space 5120K, 0% used [0x00000000e2080000,0x00000000e2080000,0x00000000e2580000)
  to   space 5120K, 0% used [0x00000000e2580000,0x00000000e2580000,0x00000000e2a80000)
 ParOldGen       total 87552K, used 3053K [0x00000000a0000000, 0x00000000a5580000, 0x00000000e0000000)
  object space 87552K, 3% used [0x00000000a0000000,0x00000000a02fb520,0x00000000a5580000)
 Metaspace       used 14286K, capacity 14530K, committed 14848K, reserved 1062912K
  class space    used 1658K, capacity 1729K, committed 1792K, reserved 1048576K
Event: 4.103 GC heap after
Heap after GC invocations=3 (full 1):
 PSYoungGen      total 38400K, used 5117K [0x00000000e0000000, 0x00000000e2a80000, 0x0000000100000000)
  eden space 33280K, 0% used [0x00000000e0000000,0x00000000e0000000,0x00000000e2080000)
  from space 5120K, 99% used [0x00000000e2580000,0x00000000e2a7f410,0x00000000e2a80000)
  to   space 5120K, 0% used [0x00000000e2080000,0x00000000e2080000,0x00000000e2580000)
 ParOldGen       total 87552K, used 5577K [0x00000000a0000000, 0x00000000a5580000, 0x00000000e0000000)
  object space 87552K, 6% used [0x00000000a0000000,0x00000000a0572728,0x00000000a5580000)
 Metaspace       used 14286K, capacity 14530K, committed 14848K, reserved 1062912K
  class space    used 1658K, capacity 1729K, committed 1792K, reserved 1048576K
}
Event: 4.784 GC heap before
{Heap before GC invocations=4 (full 1):
 PSYoungGen      total 38400K, used 35168K [0x00000000e0000000, 0x00000000e2a80000, 0x0000000100000000)
  eden space 33280K, 90% used [0x00000000e0000000,0x00000000e1d58ce8,0x00000000e2080000)
  from space 5120K, 99% used [0x00000000e2580000,0x00000000e2a7f410,0x00000000e2a80000)
  to   space 5120K, 0% used [0x00000000e2080000,0x00000000e2080000,0x00000000e2580000)
 ParOldGen       total 87552K, used 5577K [0x00000000a0000000, 0x00000000a5580000, 0x00000000e0000000)
  object space 87552K, 6% used [0x00000000a0000000,0x00000000a0572728,0x00000000a5580000)
 Metaspace       used 20600K, capacity 21043K, committed 21296K, reserved 1069056K
  class space    used 2466K, capacity 2580K, committed 2688K, reserved 1048576K
Event: 4.795 GC heap after
Heap after GC invocations=4 (full 1):
 PSYoungGen      total 38400K, used 5116K [0x00000000e0000000, 0x00000000e2a80000, 0x0000000100000000)
  eden space 33280K, 0% used [0x00000000e0000000,0x00000000e0000000,0x00000000e2080000)
  from space 5120K, 99% used [0x00000000e2080000,0x00000000e257f380,0x00000000e2580000)
  to   space 5120K, 0% used [0x00000000e2580000,0x00000000e2580000,0x00000000e2a80000)
 ParOldGen       total 87552K, used 10084K [0x00000000a0000000, 0x00000000a5580000, 0x00000000e0000000)
  object space 87552K, 11% used [0x00000000a0000000,0x00000000a09d9380,0x00000000a5580000)
 Metaspace       used 20600K, capacity 21043K, committed 21296K, reserved 1069056K
  class space    used 2466K, capacity 2580K, committed 2688K, reserved 1048576K
}
Event: 4.795 GC heap before
{Heap before GC invocations=5 (full 2):
 PSYoungGen      total 38400K, used 5116K [0x00000000e0000000, 0x00000000e2a80000, 0x0000000100000000)
  eden space 33280K, 0% used [0x00000000e0000000,0x00000000e0000000,0x00000000e2080000)
  from space 5120K, 99% used [0x00000000e2080000,0x00000000e257f380,0x00000000e2580000)
  to   space 5120K, 0% used [0x00000000e2580000,0x00000000e2580000,0x00000000e2a80000)
 ParOldGen       total 87552K, used 10084K [0x00000000a0000000, 0x00000000a5580000, 0x00000000e0000000)
  object space 87552K, 11% used [0x00000000a0000000,0x00000000a09d9380,0x00000000a5580000)
 Metaspace       used 20600K, capacity 21043K, committed 21296K, reserved 1069056K
  class space    used 2466K, capacity 2580K, committed 2688K, reserved 1048576K
Event: 4.831 GC heap after
Heap after GC invocations=5 (full 2):
 PSYoungGen      total 38400K, used 0K [0x00000000e0000000, 0x00000000e2a80000, 0x0000000100000000)
  eden space 33280K, 0% used [0x00000000e0000000,0x00000000e0000000,0x00000000e2080000)
  from space 5120K, 0% used [0x00000000e2080000,0x00000000e2080000,0x00000000e2580000)
  to   space 5120K, 0% used [0x00000000e2580000,0x00000000e2580000,0x00000000e2a80000)
 ParOldGen       total 71680K, used 11008K [0x00000000a0000000, 0x00000000a4600000, 0x00000000e0000000)
  object space 71680K, 15% used [0x00000000a0000000,0x00000000a0ac0238,0x00000000a4600000)
 Metaspace       used 20600K, capacity 21043K, committed 21296K, reserved 1069056K
  class space    used 2466K, capacity 2580K, committed 2688K, reserved 1048576K
}

Deoptimization events (10 events):
Event: 5.112 Thread 0x00000000189e7000 Uncommon trap: reason=class_check action=maybe_recompile pc=0x0000000003330a80 method=java.util.Collections$UnmodifiableCollection.size()I @ 4
Event: 5.112 Thread 0x00000000189e7000 Uncommon trap: reason=class_check action=maybe_recompile pc=0x000000000333526c method=java.util.Collections$UnmodifiableList.get(I)Ljava/lang/Object; @ 5
Event: 5.112 Thread 0x00000000189e7000 Uncommon trap: reason=class_check action=maybe_recompile pc=0x000000000333526c method=java.util.Collections$UnmodifiableList.get(I)Ljava/lang/Object; @ 5
Event: 5.113 Thread 0x00000000189e7000 Uncommon trap: reason=bimorphic action=maybe_recompile pc=0x000000000322315c method=java.io.FilterInputStream.read([B)I @ 5
Event: 5.113 Thread 0x00000000189e7000 Uncommon trap: reason=bimorphic action=maybe_recompile pc=0x000000000322315c method=java.io.FilterInputStream.read([B)I @ 5
Event: 5.113 Thread 0x00000000189e7000 Uncommon trap: reason=bimorphic action=maybe_recompile pc=0x000000000322315c method=java.io.FilterInputStream.read([B)I @ 5
Event: 5.113 Thread 0x00000000189e7000 Uncommon trap: reason=class_check action=maybe_recompile pc=0x0000000003330a80 method=java.util.Collections$UnmodifiableCollection.size()I @ 4
Event: 5.113 Thread 0x00000000189e7000 Uncommon trap: reason=class_check action=maybe_recompile pc=0x000000000333526c method=java.util.Collections$UnmodifiableList.get(I)Ljava/lang/Object; @ 5
Event: 5.113 Thread 0x00000000189e7000 Uncommon trap: reason=class_check action=maybe_recompile pc=0x000000000333526c method=java.util.Collections$UnmodifiableList.get(I)Ljava/lang/Object; @ 5
Event: 5.114 Thread 0x00000000189e7000 Uncommon trap: reason=unstable_if action=reinterpret pc=0x000000000309afc8 method=java.lang.String.startsWith(Ljava/lang/String;I)Z @ 25

Classes redefined (0 events):
No events

Internal exceptions (10 events):
Event: 3.451 Thread 0x00000000189e7000 Exception <a 'java/lang/NoSuchMethodError': <clinit>> (0x00000000e03b2698) thrown at [D:\src\AOSP-openjdk-cygwin\jdk8u\hotspot\src\share\vm\prims\jni.cpp, line 1613]
Event: 3.538 Thread 0x00000000189e7000 Exception <a 'java/lang/NoSuchMethodError': <clinit>> (0x00000000e057ac10) thrown at [D:\src\AOSP-openjdk-cygwin\jdk8u\hotspot\src\share\vm\prims\jni.cpp, line 1613]
Event: 3.546 Thread 0x0000000018a50000 Exception <a 'java/lang/InterruptedException'> (0x00000000e05977f0) thrown at [D:\src\AOSP-openjdk-cygwin\jdk8u\hotspot\src\share\vm\runtime\objectMonitor.cpp, line 1684]
Event: 3.950 Thread 0x00000000189e7000 Exception <a 'java/lang/ArrayIndexOutOfBoundsException'> (0x00000000e19db6a8) thrown at [D:\src\AOSP-openjdk-cygwin\jdk8u\hotspot\src\share\vm\runtime\sharedRuntime.cpp, line 605]
Event: 4.078 Thread 0x00000000189e7000 Exception <a 'java/lang/ArrayIndexOutOfBoundsException'> (0x00000000e1fc9490) thrown at [D:\src\AOSP-openjdk-cygwin\jdk8u\hotspot\src\share\vm\runtime\sharedRuntime.cpp, line 605]
Event: 4.696 Thread 0x00000000189e7000 Implicit null exception at 0x00000000032654af to 0x0000000003265519
Event: 4.759 Thread 0x00000000189e7000 Exception <a 'java/lang/NoSuchMethodError': java.lang.Object.lambda$comparing$77a9974f$1(Ljava/util/function/Function;Ljava/lang/Object;Ljava/lang/Object;)I> (0x00000000e1b9ff60) thrown at [D:\src\AOSP-openjdk-cygwin\jdk8u\hotspot\src\share\vm\interpreter
Event: 4.907 Thread 0x00000000189e7000 Exception <a 'java/lang/ArrayIndexOutOfBoundsException': 67> (0x00000000e0406f00) thrown at [D:\src\AOSP-openjdk-cygwin\jdk8u\hotspot\src\share\vm\interpreter\interpreterRuntime.cpp, line 366]
Event: 5.055 Thread 0x00000000189e7000 Exception <a 'java/lang/NoSuchMethodError': java.lang.Object.lambda$static$0(I)[Lorg/jetbrains/kotlin/com/intellij/openapi/editor/event/DocumentListener;> (0x00000000e0c62180) thrown at [D:\src\AOSP-openjdk-cygwin\jdk8u\hotspot\src\share\vm\interpreter\li
Event: 5.095 Thread 0x00000000189e7000 Exception <a 'java/lang/NoSuchMethodError': java.lang.Object.lambda$static$0(I)[Lorg/jetbrains/kotlin/com/intellij/psi/PsiAnnotation;> (0x00000000e0e46b00) thrown at [D:\src\AOSP-openjdk-cygwin\jdk8u\hotspot\src\share\vm\interpreter\linkResolver.cpp, line

Events (10 events):
Event: 5.262 loading class org/jetbrains/kotlin/com/intellij/util/containers/FactoryMap$2
Event: 5.262 loading class org/jetbrains/kotlin/com/intellij/util/containers/FactoryMap$2 done
Event: 5.263 loading class java/util/AbstractMap$SimpleEntry
Event: 5.263 loading class java/util/AbstractMap$SimpleEntry done
Event: 5.304 Thread 0x00000000189e7000 DEOPT PACKING pc=0x000000000347671a sp=0x0000000019a4ae60
Event: 5.304 Thread 0x00000000189e7000 DEOPT UNPACKING pc=0x0000000002f575d0 sp=0x0000000019a4ace0 mode 0
Event: 5.305 Thread 0x00000000189e7000 DEOPT PACKING pc=0x000000000347671a sp=0x0000000019a4ae60
Event: 5.305 Thread 0x00000000189e7000 DEOPT UNPACKING pc=0x0000000002f575d0 sp=0x0000000019a4ace0 mode 0
Event: 5.309 Thread 0x00000000189e7000 DEOPT PACKING pc=0x000000000347671a sp=0x0000000019a4ae60
Event: 5.309 Thread 0x00000000189e7000 DEOPT UNPACKING pc=0x0000000002f575d0 sp=0x0000000019a4ace0 mode 0


Dynamic libraries:
0x00007ff78ced0000 - 0x00007ff78cf01000 	C:\Program Files\Android\Android Studio\jre\jre\bin\java.exe
0x00007ff963550000 - 0x00007ff96373d000 	C:\WINDOWS\SYSTEM32\ntdll.dll
0x00007ff963250000 - 0x00007ff963303000 	C:\WINDOWS\System32\KERNEL32.DLL
0x00007ff9602d0000 - 0x00007ff960563000 	C:\WINDOWS\System32\KERNELBASE.dll
0x00007ff961ff0000 - 0x00007ff962093000 	C:\WINDOWS\System32\ADVAPI32.dll
0x00007ff961e90000 - 0x00007ff961f2e000 	C:\WINDOWS\System32\msvcrt.dll
0x00007ff963080000 - 0x00007ff96311e000 	C:\WINDOWS\System32\sechost.dll
0x00007ff963120000 - 0x00007ff963242000 	C:\WINDOWS\System32\RPCRT4.dll
0x00007ff962db0000 - 0x00007ff962f47000 	C:\WINDOWS\System32\USER32.dll
0x00007ff95faa0000 - 0x00007ff95fac0000 	C:\WINDOWS\System32\win32u.dll
0x00007ff962f60000 - 0x00007ff962f89000 	C:\WINDOWS\System32\GDI32.dll
0x00007ff95f6d0000 - 0x00007ff95f86a000 	C:\WINDOWS\System32\gdi32full.dll
0x00007ff95fac0000 - 0x00007ff95fb60000 	C:\WINDOWS\System32\msvcp_win.dll
0x00007ff9605d0000 - 0x00007ff9606ca000 	C:\WINDOWS\System32\ucrtbase.dll
0x00007ff951130000 - 0x00007ff9513a9000 	C:\WINDOWS\WinSxS\amd64_microsoft.windows.common-controls_6595b64144ccf1df_6.0.17763.437_none_05b63dca071e5dd6\COMCTL32.dll
0x00007ff962840000 - 0x00007ff962b6c000 	C:\WINDOWS\System32\combase.dll
0x00007ff9606d0000 - 0x00007ff96074e000 	C:\WINDOWS\System32\bcryptPrimitives.dll
0x00007ff962300000 - 0x00007ff96232e000 	C:\WINDOWS\System32\IMM32.DLL
0x0000000056fc0000 - 0x0000000057092000 	C:\Program Files\Android\Android Studio\jre\jre\bin\msvcr100.dll
0x0000000057180000 - 0x00000000579c1000 	C:\Program Files\Android\Android Studio\jre\jre\bin\server\jvm.dll
0x00007ff962f50000 - 0x00007ff962f58000 	C:\WINDOWS\System32\PSAPI.DLL
0x00007ff951f10000 - 0x00007ff951f34000 	C:\WINDOWS\SYSTEM32\WINMM.dll
0x00007ff958640000 - 0x00007ff95864a000 	C:\WINDOWS\SYSTEM32\VERSION.dll
0x00007ff951ee0000 - 0x00007ff951f0d000 	C:\WINDOWS\SYSTEM32\winmmbase.dll
0x00007ff951d60000 - 0x00007ff951d69000 	C:\WINDOWS\SYSTEM32\WSOCK32.dll
0x00007ff95fa50000 - 0x00007ff95fa9a000 	C:\WINDOWS\System32\cfgmgr32.dll
0x00007ff962350000 - 0x00007ff9623bd000 	C:\WINDOWS\System32\WS2_32.dll
0x00007ff95b7b0000 - 0x00007ff95b7bf000 	C:\Program Files\Android\Android Studio\jre\jre\bin\verify.dll
0x00007ff957aa0000 - 0x00007ff957ac9000 	C:\Program Files\Android\Android Studio\jre\jre\bin\java.dll
0x00007ff95a360000 - 0x00007ff95a376000 	C:\Program Files\Android\Android Studio\jre\jre\bin\zip.dll
0x00007ff960840000 - 0x00007ff961d30000 	C:\WINDOWS\System32\SHELL32.dll
0x00007ff9620a0000 - 0x00007ff962148000 	C:\WINDOWS\System32\shcore.dll
0x00007ff95fb80000 - 0x00007ff9602ca000 	C:\WINDOWS\System32\windows.storage.dll
0x00007ff95f590000 - 0x00007ff95f5b4000 	C:\WINDOWS\System32\profapi.dll
0x00007ff95f5c0000 - 0x00007ff95f61d000 	C:\WINDOWS\System32\powrprof.dll
0x00007ff963310000 - 0x00007ff963362000 	C:\WINDOWS\System32\shlwapi.dll
0x00007ff95f550000 - 0x00007ff95f561000 	C:\WINDOWS\System32\kernel.appcore.dll
0x00007ff95fb60000 - 0x00007ff95fb77000 	C:\WINDOWS\System32\cryptsp.dll
0x00007ff95b770000 - 0x00007ff95b77d000 	C:\Program Files\Android\Android Studio\jre\jre\bin\management.dll
0x00007ff95a0f0000 - 0x00007ff95a10a000 	C:\Program Files\Android\Android Studio\jre\jre\bin\net.dll
0x00007ff95ed70000 - 0x00007ff95edd7000 	C:\WINDOWS\system32\mswsock.dll
0x00007ff952d20000 - 0x00007ff952d31000 	C:\Program Files\Android\Android Studio\jre\jre\bin\nio.dll
0x00007ff95e930000 - 0x00007ff95e963000 	C:\WINDOWS\system32\rsaenh.dll
0x00007ff960750000 - 0x00007ff960776000 	C:\WINDOWS\System32\bcrypt.dll
0x00007ff95f480000 - 0x00007ff95f4a8000 	C:\WINDOWS\SYSTEM32\USERENV.dll
0x00007ff95ef40000 - 0x00007ff95ef4c000 	C:\WINDOWS\SYSTEM32\CRYPTBASE.dll
0x00007ff95ead0000 - 0x00007ff95eb0d000 	C:\WINDOWS\SYSTEM32\IPHLPAPI.DLL
0x00007ff960780000 - 0x00007ff960788000 	C:\WINDOWS\System32\NSI.dll
0x00007ff955550000 - 0x00007ff955566000 	C:\WINDOWS\SYSTEM32\dhcpcsvc6.DLL
0x00007ff955530000 - 0x00007ff95554c000 	C:\WINDOWS\SYSTEM32\dhcpcsvc.DLL
0x00007ff95eb10000 - 0x00007ff95ebd6000 	C:\WINDOWS\SYSTEM32\DNSAPI.dll

VM Arguments:
jvm_args: -Djava.awt.headless=true -Djava.rmi.server.hostname=127.0.0.1 -Xmx1536m -Dkotlin.environment.keepalive 
java_command: org.jetbrains.kotlin.daemon.KotlinCompileDaemon --daemon-runFilesPath C:\Users\apple\AppData\Local\kotlin\daemon --daemon-autoshutdownIdleSeconds=7200 --daemon-compilerClasspath C:\Users\apple\.gradle\caches\modules-2\files-2.1\org.jetbrains.kotlin\kotlin-compiler-embeddable\1.2.71\a79f934bfbc1c7e16638da3474feab351735f1c0\kotlin-compiler-embeddable-1.2.71.jar;C:\Users\apple\.gradle\caches\modules-2\files-2.1\org.jetbrains.kotlin\kotlin-reflect\1.2.71\7512db3b3182753bd2e48ce8d345abbadc40fe6b\kotlin-reflect-1.2.71.jar;C:\Users\apple\.gradle\caches\modules-2\files-2.1\org.jetbrains.kotlin\kotlin-stdlib\1.2.71\d9717625bb3c731561251f8dd2c67a1011d6764c\kotlin-stdlib-1.2.71.jar;C:\Users\apple\.gradle\caches\modules-2\files-2.1\org.jetbrains.kotlin\kotlin-script-runtime\1.2.71\d5439926359caa899f41e1915b19d6d23e49750b\kotlin-script-runtime-1.2.71.jar;C:\Users\apple\.gradle\caches\modules-2\files-2.1\org.jetbrains.kotlin\kotlin-stdlib-common\1.2.71\ba18ca1aa0e40eb6f1865b324af2f4cbb691c1ec\kotlin-stdlib-common-1.2.71.jar;C:\Users\apple\.gradle\caches\modules-2\files-2.1\org.jetbrains\annotations\13.0\919f0dfe192fb4e063e7dacadee7f8bb9a2672a9\annotations-13.0.jar;C:\Program Files\Android\Android Studio\jre\lib\tools.jar
java_class_path (initial): C:\Users\apple\.gradle\caches\modules-2\files-2.1\org.jetbrains.kotlin\kotlin-compiler-embeddable\1.2.71\a79f934bfbc1c7e16638da3474feab351735f1c0\kotlin-compiler-embeddable-1.2.71.jar;C:\Users\apple\.gradle\caches\modules-2\files-2.1\org.jetbrains.kotlin\kotlin-reflect\1.2.71\7512db3b3182753bd2e48ce8d345abbadc40fe6b\kotlin-reflect-1.2.71.jar;C:\Users\apple\.gradle\caches\modules-2\files-2.1\org.jetbrains.kotlin\kotlin-stdlib\1.2.71\d9717625bb3c731561251f8dd2c67a1011d6764c\kotlin-stdlib-1.2.71.jar;C:\Users\apple\.gradle\caches\modules-2\files-2.1\org.jetbrains.kotlin\kotlin-script-runtime\1.2.71\d5439926359caa899f41e1915b19d6d23e49750b\kotlin-script-runtime-1.2.71.jar;C:\Users\apple\.gradle\caches\modules-2\files-2.1\org.jetbrains.kotlin\kotlin-stdlib-common\1.2.71\ba18ca1aa0e40eb6f1865b324af2f4cbb691c1ec\kotlin-stdlib-common-1.2.71.jar;C:\Users\apple\.gradle\caches\modules-2\files-2.1\org.jetbrains\annotations\13.0\919f0dfe192fb4e063e7dacadee7f8bb9a2672a9\annotations-13.0.jar;C:\Program Files\Android\Android Studio\jre\lib\tools.jar
Launcher Type: SUN_STANDARD

Environment Variables:
JAVA_HOME=C:\Program Files\Java\jdk-11.0.2
CLASSPATH=C:\Program Files\Java\jdk-11.0.2\lib
PATH=C:\Program Files\Java\jdk-11.0.2\bin;C:\oraclexe\app\oracle\product\10.2.0\server\bin;C:\app\apple\product\11.2.0\dbhome_1\bin;C:\Program Files (x86)\Intel\iCLS Client\;C:\Program Files\Intel\iCLS Client\;C:\WINDOWS\system32;C:\WINDOWS;C:\WINDOWS\System32\Wbem;C:\WINDOWS\System32\WindowsPowerShell\v1.0\;C:\WINDOWS\System32\OpenSSH\;C:\Program Files\Java\jdk-11.0.2\bin;C:\Program Files\Git\cmd;C:\Apache24\bin;C:\Users\apple\AppData\Local\Programs\Python\Python37-32\Scripts\;C:\Users\apple\AppData\Local\Programs\Python\Python37-32\;C:\Users\apple\AppData\Local\Microsoft\WindowsApps;C:\Program Files\Bandizip\
USERNAME=apple
OS=Windows_NT
PROCESSOR_IDENTIFIER=Intel64 Family 6 Model 69 Stepping 1, GenuineIntel



---------------  S Y S T E M  ---------------

OS: Windows 10.0 , 64 bit Build 17763 (10.0.17763.437)

CPU:total 4 (initial active 4) (2 cores per cpu, 2 threads per core) family 6 model 69 stepping 1, cmov, cx8, fxsr, mmx, sse, sse2, sse3, ssse3, sse4.1, sse4.2, popcnt, avx, avx2, aes, clmul, erms, lzcnt, ht, tsc, tscinvbit, bmi1, bmi2

Memory: 4k page, physical 8294660k(2382484k free), swap 18133152k(4092k free)

vm_info: OpenJDK 64-Bit Server VM (25.152-b06) for windows-amd64 JRE (1.8.0_152-release-1136-b06), built by "builder" with MS VC++ 10.0 (VS2010)

time: Sun Apr 21 17:26:07 2019
elapsed time: 5 seconds (0d 0h 0m 5s)

