#
# There is insufficient memory for the Java Runtime Environment to continue.
# Native memory allocation (malloc) failed to allocate 1572176 bytes for Chunk::new
# Possible reasons:
#   The system is out of physical RAM or swap space
#   In 32 bit mode, the process size limit was hit
# Possible solutions:
#   Reduce memory load on the system
#   Increase physical memory or swap space
#   Check if swap backing store is full
#   Use 64 bit Java on a 64 bit OS
#   Decrease Java heap size (-Xmx/-Xms)
#   Decrease number of Java threads
#   Decrease Java thread stack sizes (-Xss)
#   Set larger code cache with -XX:ReservedCodeCacheSize=
# This output file may be truncated or incomplete.
#
#  Out of Memory Error (allocation.cpp:390), pid=30864, tid=0x0000000000005f50
#
# JRE version: OpenJDK Runtime Environment (8.0_152-b06) (build 1.8.0_152-release-1136-b06)
# Java VM: OpenJDK 64-Bit Server VM (25.152-b06 mixed mode windows-amd64 compressed oops)
# Failed to write core dump. Minidumps are not enabled by default on client versions of Windows
#

---------------  T H R E A D  ---------------

Current thread (0x0000000016338800):  JavaThread "C2 CompilerThread0" daemon [_thread_in_native, id=24400, stack(0x0000000017c40000,0x0000000017d40000)]

Stack: [0x0000000017c40000,0x0000000017d40000]
[error occurred during error reporting (printing stack bounds), id 0xc0000005]

Native frames: (J=compiled Java code, j=interpreted, Vv=VM code, C=native code)


Current CompileTask:
C2: 297853 19611       4       com.android.tools.r8.ir.regalloc.LinearScanRegisterAllocator::allocateSingleInterval (797 bytes)


---------------  P R O C E S S  ---------------

Java Threads: ( => current thread )
  0x0000000018443800 JavaThread "ForkJoinPool.commonPool-worker-2" daemon [_thread_blocked, id=212, stack(0x0000000028040000,0x0000000028140000)]
  0x000000001cd48800 JavaThread "ForkJoinPool.commonPool-worker-1" daemon [_thread_in_native, id=29292, stack(0x0000000027f40000,0x0000000028040000)]
  0x000000001cd47800 JavaThread "ForkJoinPool.commonPool-worker-0" daemon [_thread_in_native, id=19432, stack(0x0000000027e40000,0x0000000027f40000)]
  0x000000001cd47000 JavaThread "Cache worker for Java compile cache (C:\Users\apple\Desktop\GatdaWatda5.2.1\.gradle\4.6\javaCompile)" [_thread_blocked, id=23060, stack(0x0000000027c40000,0x0000000027d40000)]
  0x000000001cd4d800 JavaThread "RMI TCP Connection(idle)" daemon [_thread_blocked, id=19492, stack(0x0000000027b40000,0x0000000027c40000)]
  0x000000001cd46000 JavaThread "RMI Reaper" [_thread_blocked, id=21300, stack(0x0000000027a40000,0x0000000027b40000)]
  0x000000001cd4d000 JavaThread "RMI TCP Accept-0" daemon [_thread_in_native, id=21472, stack(0x0000000027940000,0x0000000027a40000)]
  0x000000001cd4c000 JavaThread "GC Daemon" daemon [_thread_blocked, id=27944, stack(0x0000000027840000,0x0000000027940000)]
  0x000000001cd42800 JavaThread "RMI Scheduler(0)" daemon [_thread_blocked, id=24104, stack(0x0000000027640000,0x0000000027740000)]
  0x000000001cd45800 JavaThread "stdout" [_thread_in_native, id=6976, stack(0x0000000027440000,0x0000000027540000)]
  0x000000001cd44800 JavaThread "stderr" [_thread_in_native, id=19704, stack(0x0000000027340000,0x0000000027440000)]
  0x000000001cd44000 JavaThread "pool-6-thread-1" [_thread_blocked, id=11788, stack(0x0000000027240000,0x0000000027340000)]
  0x0000000018451000 JavaThread "Task worker for ':' Thread 3" [_thread_blocked, id=21172, stack(0x0000000027140000,0x0000000027240000)]
  0x0000000018451800 JavaThread "Task worker for ':' Thread 2" [_thread_blocked, id=25000, stack(0x0000000027040000,0x0000000027140000)]
  0x0000000018450000 JavaThread "Task worker for ':'" [_thread_blocked, id=15652, stack(0x0000000026f40000,0x0000000027040000)]
  0x000000001844f800 JavaThread "Cache worker for Build Output Cleanup Cache (C:\Users\apple\Desktop\GatdaWatda5.2.1\.gradle\buildOutputCleanup)" [_thread_blocked, id=17628, stack(0x0000000026e40000,0x0000000026f40000)]
  0x000000001844e800 JavaThread "Cache worker for task history cache (C:\Users\apple\Desktop\GatdaWatda5.2.1\.gradle\4.6\taskHistory)" [_thread_blocked, id=30392, stack(0x0000000026d40000,0x0000000026e40000)]
  0x000000001844e000 JavaThread "Cache worker for file content cache (C:\Users\apple\Desktop\GatdaWatda5.2.1\.gradle\4.6\fileContent)" [_thread_blocked, id=10700, stack(0x0000000026c40000,0x0000000026d40000)]
  0x000000001844d000 JavaThread "Build operations Thread 4" [_thread_blocked, id=22108, stack(0x0000000026b40000,0x0000000026c40000)]
  0x000000001844b800 JavaThread "Build operations Thread 3" [_thread_blocked, id=26280, stack(0x0000000026a40000,0x0000000026b40000)]
  0x000000001844c800 JavaThread "Build operations Thread 2" [_thread_blocked, id=4260, stack(0x0000000026940000,0x0000000026a40000)]
  0x0000000018445800 JavaThread "Build operations" [_thread_blocked, id=18200, stack(0x0000000026840000,0x0000000026940000)]
  0x0000000018444000 JavaThread "Cache worker for Artifact transforms cache (C:\Users\apple\.gradle\caches\transforms-1)" [_thread_blocked, id=28280, stack(0x0000000026740000,0x0000000026840000)]
  0x000000001844b000 JavaThread "Cache worker for file hash cache (C:\Users\apple\Desktop\GatdaWatda5.2.1\.gradle\4.6\fileHashes)" [_thread_blocked, id=15772, stack(0x0000000026640000,0x0000000026740000)]
  0x0000000018449800 JavaThread "Asynchronous log dispatcher for DefaultDaemonConnection: socket connection from /127.0.0.1:13022 to /127.0.0.1:13099" [_thread_blocked, id=19036, stack(0x0000000026440000,0x0000000026540000)]
  0x0000000018448800 JavaThread "Daemon worker Thread 2" [_thread_blocked, id=16612, stack(0x0000000026340000,0x0000000026440000)]
  0x0000000018448000 JavaThread "Cancel handler" [_thread_blocked, id=19916, stack(0x0000000026240000,0x0000000026340000)]
  0x0000000018447000 JavaThread "Handler for socket connection from /127.0.0.1:13022 to /127.0.0.1:13099" [_thread_in_native, id=2616, stack(0x0000000026140000,0x0000000026240000)]
  0x000000001844a000 JavaThread "Daemon Thread 2" [_thread_blocked, id=20388, stack(0x0000000026040000,0x0000000026140000)]
  0x000000001cd41000 JavaThread "pool-1-thread-1" [_thread_blocked, id=19052, stack(0x0000000024640000,0x0000000024740000)]
  0x000000001b18e000 JavaThread "Memory manager" [_thread_blocked, id=23768, stack(0x00000000213a0000,0x00000000214a0000)]
  0x0000000019619000 JavaThread "File lock request listener" [_thread_in_native, id=20608, stack(0x000000001b8e0000,0x000000001b9e0000)]
  0x00000000191d3000 JavaThread "Cache worker for file hash cache (C:\Users\apple\.gradle\caches\4.6\fileHashes)" [_thread_blocked, id=12172, stack(0x000000001b7e0000,0x000000001b8e0000)]
  0x00000000192cc000 JavaThread "Daemon periodic checks" [_thread_blocked, id=16344, stack(0x0000000019d10000,0x0000000019e10000)]
  0x00000000192bb000 JavaThread "Incoming local TCP Connector on port 13022" [_thread_in_native, id=14832, stack(0x0000000019b30000,0x0000000019c30000)]
  0x00000000176cb000 JavaThread "Service Thread" daemon [_thread_blocked, id=7240, stack(0x0000000017f40000,0x0000000018040000)]
  0x0000000017658000 JavaThread "C1 CompilerThread2" daemon [_thread_in_native, id=7612, stack(0x0000000017e40000,0x0000000017f40000)]
  0x000000001633c000 JavaThread "C2 CompilerThread1" daemon [_thread_in_native, id=21676, stack(0x0000000017d40000,0x0000000017e40000)]
=>0x0000000016338800 JavaThread "C2 CompilerThread0" daemon [_thread_in_native, id=24400, stack(0x0000000017c40000,0x0000000017d40000)]
  0x00000000162ec000 JavaThread "Attach Listener" daemon [_thread_blocked, id=9340, stack(0x0000000017b40000,0x0000000017c40000)]
  0x00000000162d6800 JavaThread "Signal Dispatcher" daemon [_thread_blocked, id=28148, stack(0x0000000017a40000,0x0000000017b40000)]
  0x000000000296c000 JavaThread "Finalizer" daemon [_thread_blocked, id=21880, stack(0x0000000017540000,0x0000000017640000)]
  0x0000000002961000 JavaThread "Reference Handler" daemon [_thread_blocked, id=2884, stack(0x0000000017440000,0x0000000017540000)]
  0x0000000000b8e000 JavaThread "main" [_thread_blocked, id=27316, stack(0x0000000002340000,0x0000000002440000)]

Other Threads:
  0x00000000162a4800 VMThread [stack: 0x0000000017340000,0x0000000017440000] [id=15468]
  0x00000000176dc000 WatcherThread [stack: 0x0000000018040000,0x0000000018140000] [id=3432]

VM state:not at safepoint (normal execution)

VM Mutex/Monitor currently owned by a thread: None

Heap:
 PSYoungGen      total 377344K, used 97759K [0x00000000e0000000, 0x00000000fb480000, 0x0000000100000000)
  eden space 317952K, 12% used [0x00000000e0000000,0x00000000e257be58,0x00000000f3680000)
  from space 59392K, 99% used [0x00000000f3680000,0x00000000f707c0b8,0x00000000f7080000)
  to   space 52224K, 0% used [0x00000000f7080000,0x00000000f7080000,0x00000000fa380000)
 ParOldGen       total 250368K, used 123950K [0x00000000a0000000, 0x00000000af480000, 0x00000000e0000000)
  object space 250368K, 49% used [0x00000000a0000000,0x00000000a790bb80,0x00000000af480000)
 Metaspace       used 97321K, capacity 101230K, committed 101504K, reserved 1136640K
  class space    used 12390K, capacity 13347K, committed 13440K, reserved 1048576K

Card table byte_map: [0x0000000011d30000,0x0000000012040000] byte_map_base: 0x0000000011830000

Marking Bits: (ParMarkBitMap*) 0x0000000054dc5aa0
 Begin Bits: [0x0000000012640000, 0x0000000013e40000)
 End Bits:   [0x0000000013e40000, 0x0000000015640000)

Polling page: 0x0000000000b60000

CodeCache: size=245760Kb used=58416Kb max_used=58416Kb free=187343Kb
 bounds [0x0000000002970000, 0x00000000062c0000, 0x0000000011970000]
 total_blobs=17278 nmethods=16374 adapters=814
 compilation: enabled

Compilation events (10 events):
Event: 297.646 Thread 0x0000000017658000 20310       2       com.android.tools.r8.dex.FileWriter::writeItems (9 bytes)
Event: 297.647 Thread 0x0000000017658000 nmethod 20310 0x00000000062bd990 code [0x00000000062bdb00, 0x00000000062bdc68]
Event: 297.647 Thread 0x0000000017658000 20311       2       com.android.tools.r8.dex.FileWriter$$Lambda$566/1520552646::accept (12 bytes)
Event: 297.647 Thread 0x0000000017658000 nmethod 20311 0x00000000062bdd10 code [0x00000000062bde80, 0x00000000062be028]
Event: 297.652 Thread 0x0000000017658000 20312       2       com.android.tools.r8.it.unimi.dsi.fastutil.objects.Reference2IntLinkedOpenHashMap$MapIterator::<init> (43 bytes)
Event: 297.652 Thread 0x0000000017658000 nmethod 20312 0x00000000062be110 code [0x00000000062be260, 0x00000000062be3f0]
Event: 297.654 Thread 0x0000000017658000 20313       2       sun.security.provider.DigestBase::<init> (27 bytes)
Event: 297.655 Thread 0x0000000017658000 nmethod 20313 0x00000000062be490 code [0x00000000062be5e0, 0x00000000062be7f0]
Event: 297.747 Thread 0x0000000017658000 20314       2       com.android.tools.r8.dex.DexOutputBuffer::moveTo (23 bytes)
Event: 297.748 Thread 0x0000000017658000 nmethod 20314 0x00000000062be890 code [0x00000000062bea00, 0x00000000062bebb8]

GC Heap History (10 events):
Event: 273.484 GC heap before
{Heap before GC invocations=23 (full 3):
 PSYoungGen      total 314368K, used 310070K [0x00000000e0000000, 0x00000000f6200000, 0x0000000100000000)
  eden space 287744K, 100% used [0x00000000e0000000,0x00000000f1900000,0x00000000f1900000)
  from space 26624K, 83% used [0x00000000f1900000,0x00000000f2ecda28,0x00000000f3300000)
  to   space 28672K, 0% used [0x00000000f4600000,0x00000000f4600000,0x00000000f6200000)
 ParOldGen       total 124416K, used 58324K [0x00000000a0000000, 0x00000000a7980000, 0x00000000e0000000)
  object space 124416K, 46% used [0x00000000a0000000,0x00000000a38f50a0,0x00000000a7980000)
 Metaspace       used 86238K, capacity 89450K, committed 89600K, reserved 1126400K
  class space    used 11169K, capacity 12001K, committed 12032K, reserved 1048576K
Event: 273.620 GC heap after
Heap after GC invocations=23 (full 3):
 PSYoungGen      total 313856K, used 28656K [0x00000000e0000000, 0x00000000f9a80000, 0x0000000100000000)
  eden space 285184K, 0% used [0x00000000e0000000,0x00000000e0000000,0x00000000f1680000)
  from space 28672K, 99% used [0x00000000f4600000,0x00000000f61fc040,0x00000000f6200000)
  to   space 48640K, 0% used [0x00000000f1680000,0x00000000f1680000,0x00000000f4600000)
 ParOldGen       total 124416K, used 101835K [0x00000000a0000000, 0x00000000a7980000, 0x00000000e0000000)
  object space 124416K, 81% used [0x00000000a0000000,0x00000000a6372de8,0x00000000a7980000)
 Metaspace       used 86238K, capacity 89450K, committed 89600K, reserved 1126400K
  class space    used 11169K, capacity 12001K, committed 12032K, reserved 1048576K
}
Event: 273.620 GC heap before
{Heap before GC invocations=24 (full 4):
 PSYoungGen      total 313856K, used 28656K [0x00000000e0000000, 0x00000000f9a80000, 0x0000000100000000)
  eden space 285184K, 0% used [0x00000000e0000000,0x00000000e0000000,0x00000000f1680000)
  from space 28672K, 99% used [0x00000000f4600000,0x00000000f61fc040,0x00000000f6200000)
  to   space 48640K, 0% used [0x00000000f1680000,0x00000000f1680000,0x00000000f4600000)
 ParOldGen       total 124416K, used 101835K [0x00000000a0000000, 0x00000000a7980000, 0x00000000e0000000)
  object space 124416K, 81% used [0x00000000a0000000,0x00000000a6372de8,0x00000000a7980000)
 Metaspace       used 86238K, capacity 89450K, committed 89600K, reserved 1126400K
  class space    used 11169K, capacity 12001K, committed 12032K, reserved 1048576K
Event: 274.367 GC heap after
Heap after GC invocations=24 (full 4):
 PSYoungGen      total 313856K, used 0K [0x00000000e0000000, 0x00000000f9a80000, 0x0000000100000000)
  eden space 285184K, 0% used [0x00000000e0000000,0x00000000e0000000,0x00000000f1680000)
  from space 28672K, 0% used [0x00000000f4600000,0x00000000f4600000,0x00000000f6200000)
  to   space 48640K, 0% used [0x00000000f1680000,0x00000000f1680000,0x00000000f4600000)
 ParOldGen       total 250368K, used 115748K [0x00000000a0000000, 0x00000000af480000, 0x00000000e0000000)
  object space 250368K, 46% used [0x00000000a0000000,0x00000000a7109240,0x00000000af480000)
 Metaspace       used 86238K, capacity 89450K, committed 89600K, reserved 1126400K
  class space    used 11169K, capacity 12001K, committed 12032K, reserved 1048576K
}
Event: 284.049 GC heap before
{Heap before GC invocations=25 (full 4):
 PSYoungGen      total 313856K, used 285184K [0x00000000e0000000, 0x00000000f9a80000, 0x0000000100000000)
  eden space 285184K, 100% used [0x00000000e0000000,0x00000000f1680000,0x00000000f1680000)
  from space 28672K, 0% used [0x00000000f4600000,0x00000000f4600000,0x00000000f6200000)
  to   space 48640K, 0% used [0x00000000f1680000,0x00000000f1680000,0x00000000f4600000)
 ParOldGen       total 250368K, used 115748K [0x00000000a0000000, 0x00000000af480000, 0x00000000e0000000)
  object space 250368K, 46% used [0x00000000a0000000,0x00000000a7109240,0x00000000af480000)
 Metaspace       used 88043K, capacity 91312K, committed 91520K, reserved 1128448K
  class space    used 11283K, capacity 12130K, committed 12160K, reserved 1048576K
Event: 284.127 GC heap after
Heap after GC invocations=25 (full 4):
 PSYoungGen      total 333824K, used 36522K [0x00000000e0000000, 0x00000000fa380000, 0x0000000100000000)
  eden space 285184K, 0% used [0x00000000e0000000,0x00000000e0000000,0x00000000f1680000)
  from space 48640K, 75% used [0x00000000f1680000,0x00000000f3a2aaa0,0x00000000f4600000)
  to   space 52224K, 0% used [0x00000000f7080000,0x00000000f7080000,0x00000000fa380000)
 ParOldGen       total 250368K, used 115756K [0x00000000a0000000, 0x00000000af480000, 0x00000000e0000000)
  object space 250368K, 46% used [0x00000000a0000000,0x00000000a710b240,0x00000000af480000)
 Metaspace       used 88043K, capacity 91312K, committed 91520K, reserved 1128448K
  class space    used 11283K, capacity 12130K, committed 12160K, reserved 1048576K
}
Event: 289.849 GC heap before
{Heap before GC invocations=26 (full 4):
 PSYoungGen      total 333824K, used 321706K [0x00000000e0000000, 0x00000000fa380000, 0x0000000100000000)
  eden space 285184K, 100% used [0x00000000e0000000,0x00000000f1680000,0x00000000f1680000)
  from space 48640K, 75% used [0x00000000f1680000,0x00000000f3a2aaa0,0x00000000f4600000)
  to   space 52224K, 0% used [0x00000000f7080000,0x00000000f7080000,0x00000000fa380000)
 ParOldGen       total 250368K, used 115756K [0x00000000a0000000, 0x00000000af480000, 0x00000000e0000000)
  object space 250368K, 46% used [0x00000000a0000000,0x00000000a710b240,0x00000000af480000)
 Metaspace       used 88048K, capacity 91312K, committed 91520K, reserved 1128448K
  class space    used 11284K, capacity 12130K, committed 12160K, reserved 1048576K
Event: 289.925 GC heap after
Heap after GC invocations=26 (full 4):
 PSYoungGen      total 370176K, used 50174K [0x00000000e0000000, 0x00000000fb480000, 0x0000000100000000)
  eden space 317952K, 0% used [0x00000000e0000000,0x00000000e0000000,0x00000000f3680000)
  from space 52224K, 96% used [0x00000000f7080000,0x00000000fa17fad0,0x00000000fa380000)
  to   space 59392K, 0% used [0x00000000f3680000,0x00000000f3680000,0x00000000f7080000)
 ParOldGen       total 250368K, used 115756K [0x00000000a0000000, 0x00000000af480000, 0x00000000e0000000)
  object space 250368K, 46% used [0x00000000a0000000,0x00000000a710b240,0x00000000af480000)
 Metaspace       used 88048K, capacity 91312K, committed 91520K, reserved 1128448K
  class space    used 11284K, capacity 12130K, committed 12160K, reserved 1048576K
}
Event: 296.983 GC heap before
{Heap before GC invocations=27 (full 4):
 PSYoungGen      total 370176K, used 368126K [0x00000000e0000000, 0x00000000fb480000, 0x0000000100000000)
  eden space 317952K, 100% used [0x00000000e0000000,0x00000000f3680000,0x00000000f3680000)
  from space 52224K, 96% used [0x00000000f7080000,0x00000000fa17fad0,0x00000000fa380000)
  to   space 59392K, 0% used [0x00000000f3680000,0x00000000f3680000,0x00000000f7080000)
 ParOldGen       total 250368K, used 115756K [0x00000000a0000000, 0x00000000af480000, 0x00000000e0000000)
  object space 250368K, 46% used [0x00000000a0000000,0x00000000a710b240,0x00000000af480000)
 Metaspace       used 97180K, capacity 101082K, committed 101248K, reserved 1136640K
  class space    used 12390K, capacity 13347K, committed 13440K, reserved 1048576K
Event: 297.104 GC heap after
Heap after GC invocations=27 (full 4):
 PSYoungGen      total 377344K, used 59376K [0x00000000e0000000, 0x00000000fb480000, 0x0000000100000000)
  eden space 317952K, 0% used [0x00000000e0000000,0x00000000e0000000,0x00000000f3680000)
  from space 59392K, 99% used [0x00000000f3680000,0x00000000f707c0b8,0x00000000f7080000)
  to   space 52224K, 0% used [0x00000000f7080000,0x00000000f7080000,0x00000000fa380000)
 ParOldGen       total 250368K, used 123950K [0x00000000a0000000, 0x00000000af480000, 0x00000000e0000000)
  object space 250368K, 49% used [0x00000000a0000000,0x00000000a790bb80,0x00000000af480000)
 Metaspace       used 97180K, capacity 101082K, committed 101248K, reserved 1136640K
  class space    used 12390K, capacity 13347K, committed 13440K, reserved 1048576K
}

Deoptimization events (10 events):
Event: 294.960 Thread 0x000000001cd47800 Uncommon trap: reason=class_check action=maybe_recompile pc=0x0000000005dadeb4 method=com.android.tools.r8.org.objectweb.asm.ClassReader.readField(Lcom/android/tools/r8/org/objectweb/asm/ClassVisitor;Lcom/android/tools/r8/org/objectweb/asm/Context;I)I @ 3
Event: 294.960 Thread 0x000000001cd48800 Uncommon trap: reason=class_check action=maybe_recompile pc=0x0000000005dadeb4 method=com.android.tools.r8.org.objectweb.asm.ClassReader.readField(Lcom/android/tools/r8/org/objectweb/asm/ClassVisitor;Lcom/android/tools/r8/org/objectweb/asm/Context;I)I @ 3
Event: 295.085 Thread 0x000000001cd48800 Uncommon trap: reason=unstable_if action=reinterpret pc=0x0000000005d36978 method=com.android.tools.r8.graph.DexString.decode()Ljava/lang/String; @ 53
Event: 295.678 Thread 0x000000001cd47800 Uncommon trap: reason=bimorphic action=maybe_recompile pc=0x0000000005f04248 method=com.android.tools.r8.ir.analysis.constant.SparseConditionalConstantPropagation.visitInstruction(Lcom/android/tools/r8/ir/code/Instruction;)V @ 40
Event: 295.878 Thread 0x000000001cd47800 Uncommon trap: reason=unstable_if action=reinterpret pc=0x0000000005e89a70 method=com.android.tools.r8.it.unimi.dsi.fastutil.ints.Int2ReferenceOpenHashMap.insert(ILjava/lang/Object;)I @ 85
Event: 296.189 Thread 0x000000001cd48800 Uncommon trap: reason=unstable_if action=reinterpret pc=0x0000000004788928 method=com.android.tools.r8.ir.regalloc.LiveIntervals.getSplitCovering(I)Lcom/android/tools/r8/ir/regalloc/LiveIntervals; @ 134
Event: 296.193 Thread 0x000000001cd48800 Uncommon trap: reason=unstable_if action=reinterpret pc=0x0000000005ef68bc method=com.android.tools.r8.ir.optimize.MoveEliminator.shouldBeEliminated(Lcom/android/tools/r8/ir/code/Instruction;)Z @ 148
Event: 296.207 Thread 0x000000001cd48800 Uncommon trap: reason=unstable_if action=reinterpret pc=0x0000000005e81f70 method=com.android.tools.r8.it.unimi.dsi.fastutil.ints.Int2ReferenceOpenHashMap.insert(ILjava/lang/Object;)I @ 85
Event: 296.856 Thread 0x0000000018443800 Uncommon trap: reason=unstable_if action=reinterpret pc=0x0000000005d9e748 method=com.android.tools.r8.graph.JarClassFileReader$CreateFieldVisitor.visitEnd()V @ 49
Event: 296.861 Thread 0x0000000018443800 Uncommon trap: reason=unstable_if action=reinterpret pc=0x0000000006164d84 method=com.android.tools.r8.ir.conversion.JarState.recordStateForTarget(I[Lcom/android/tools/r8/ir/conversion/JarState$Local;Lcom/android/tools/r8/com/google/common/collect/Immutab

Classes redefined (0 events):
No events

Internal exceptions (10 events):
Event: 297.656 Thread 0x000000001cd48800 Exception <a 'sun/nio/fs/WindowsException'> (0x00000000e1f95158) thrown at [D:\src\AOSP-openjdk-cygwin\jdk8u\hotspot\src\share\vm\prims\jni.cpp, line 709]
Event: 297.656 Thread 0x000000001cd48800 Exception <a 'sun/nio/fs/WindowsException'> (0x00000000e1f95908) thrown at [D:\src\AOSP-openjdk-cygwin\jdk8u\hotspot\src\share\vm\prims\jni.cpp, line 709]
Event: 297.656 Thread 0x000000001cd48800 Exception <a 'sun/nio/fs/WindowsException'> (0x00000000e1f96188) thrown at [D:\src\AOSP-openjdk-cygwin\jdk8u\hotspot\src\share\vm\prims\jni.cpp, line 709]
Event: 297.656 Thread 0x000000001cd48800 Exception <a 'sun/nio/fs/WindowsException'> (0x00000000e1f968f0) thrown at [D:\src\AOSP-openjdk-cygwin\jdk8u\hotspot\src\share\vm\prims\jni.cpp, line 709]
Event: 297.656 Thread 0x000000001cd48800 Exception <a 'sun/nio/fs/WindowsException'> (0x00000000e1f97140) thrown at [D:\src\AOSP-openjdk-cygwin\jdk8u\hotspot\src\share\vm\prims\jni.cpp, line 709]
Event: 297.661 Thread 0x000000001cd48800 Exception <a 'sun/nio/fs/WindowsException'> (0x00000000e244bf58) thrown at [D:\src\AOSP-openjdk-cygwin\jdk8u\hotspot\src\share\vm\prims\jni.cpp, line 709]
Event: 297.661 Thread 0x000000001cd48800 Exception <a 'sun/nio/fs/WindowsException'> (0x00000000e244c618) thrown at [D:\src\AOSP-openjdk-cygwin\jdk8u\hotspot\src\share\vm\prims\jni.cpp, line 709]
Event: 297.661 Thread 0x000000001cd48800 Exception <a 'sun/nio/fs/WindowsException'> (0x00000000e244ce48) thrown at [D:\src\AOSP-openjdk-cygwin\jdk8u\hotspot\src\share\vm\prims\jni.cpp, line 709]
Event: 297.664 Thread 0x000000001cd48800 Exception <a 'sun/nio/fs/WindowsException'> (0x00000000e244d6f8) thrown at [D:\src\AOSP-openjdk-cygwin\jdk8u\hotspot\src\share\vm\prims\jni.cpp, line 709]
Event: 297.758 Thread 0x000000001cd47800 Exception <a 'sun/nio/fs/WindowsException'> (0x00000000e23c1958) thrown at [D:\src\AOSP-openjdk-cygwin\jdk8u\hotspot\src\share\vm\prims\jni.cpp, line 709]

Events (10 events):
Event: 297.265 Thread 0x000000001cd48800 DEOPT PACKING pc=0x000000000627ce3a sp=0x000000002803e430
Event: 297.265 Thread 0x000000001cd48800 DEOPT UNPACKING pc=0x00000000029b75d0 sp=0x000000002803e170 mode 0
Event: 297.277 Thread 0x000000001cd48800 DEOPT PACKING pc=0x000000000627b79a sp=0x000000002803e470
Event: 297.277 Thread 0x000000001cd48800 DEOPT UNPACKING pc=0x00000000029b75d0 sp=0x000000002803e1a0 mode 0
Event: 297.284 Thread 0x000000001cd48800 DEOPT PACKING pc=0x000000000627c2a0 sp=0x000000002803e6f0
Event: 297.284 Thread 0x000000001cd48800 DEOPT UNPACKING pc=0x00000000029b75d0 sp=0x000000002803e4e8 mode 0
Event: 297.347 Thread 0x000000001cd47800 DEOPT PACKING pc=0x000000000626d66e sp=0x0000000027f3e4b0
Event: 297.347 Thread 0x000000001cd47800 DEOPT UNPACKING pc=0x00000000029b75d0 sp=0x0000000027f3e1f0 mode 0
Event: 297.380 Executing VM operation: RevokeBias
Event: 297.380 Executing VM operation: RevokeBias done


Dynamic libraries:
0x00007ff78a7b0000 - 0x00007ff78a7e1000 	C:\Program Files\Android\Android Studio\jre\bin\java.exe
0x00007fff53750000 - 0x00007fff5393d000 	C:\WINDOWS\SYSTEM32\ntdll.dll
0x00007fff52fb0000 - 0x00007fff53063000 	C:\WINDOWS\System32\KERNEL32.DLL
0x00007fff50480000 - 0x00007fff50713000 	C:\WINDOWS\System32\KERNELBASE.dll
0x00007fff51210000 - 0x00007fff512b3000 	C:\WINDOWS\System32\ADVAPI32.dll
0x00007fff53220000 - 0x00007fff532be000 	C:\WINDOWS\System32\msvcrt.dll
0x00007fff532c0000 - 0x00007fff5335e000 	C:\WINDOWS\System32\sechost.dll
0x00007fff510d0000 - 0x00007fff511f2000 	C:\WINDOWS\System32\RPCRT4.dll
0x00007fff50980000 - 0x00007fff50b17000 	C:\WINDOWS\System32\USER32.dll
0x00007fff4ffc0000 - 0x00007fff4ffe0000 	C:\WINDOWS\System32\win32u.dll
0x00007fff52d80000 - 0x00007fff52da9000 	C:\WINDOWS\System32\GDI32.dll
0x00007fff501e0000 - 0x00007fff5037a000 	C:\WINDOWS\System32\gdi32full.dll
0x00007fff50140000 - 0x00007fff501e0000 	C:\WINDOWS\System32\msvcp_win.dll
0x00007fff50380000 - 0x00007fff5047a000 	C:\WINDOWS\System32\ucrtbase.dll
0x00007fff3af40000 - 0x00007fff3b1b9000 	C:\WINDOWS\WinSxS\amd64_microsoft.windows.common-controls_6595b64144ccf1df_6.0.17763.437_none_05b63dca071e5dd6\COMCTL32.dll
0x00007fff53390000 - 0x00007fff536bc000 	C:\WINDOWS\System32\combase.dll
0x00007fff50900000 - 0x00007fff5097e000 	C:\WINDOWS\System32\bcryptPrimitives.dll
0x00007fff50fa0000 - 0x00007fff50fce000 	C:\WINDOWS\System32\IMM32.DLL
0x0000000054440000 - 0x0000000054512000 	C:\Program Files\Android\Android Studio\jre\jre\bin\msvcr100.dll
0x0000000054600000 - 0x0000000054e41000 	C:\Program Files\Android\Android Studio\jre\jre\bin\server\jvm.dll
0x00007fff51200000 - 0x00007fff51208000 	C:\WINDOWS\System32\PSAPI.DLL
0x00007fff3d510000 - 0x00007fff3d51a000 	C:\WINDOWS\SYSTEM32\VERSION.dll
0x00007fff3ced0000 - 0x00007fff3ced9000 	C:\WINDOWS\SYSTEM32\WSOCK32.dll
0x00007fff52ee0000 - 0x00007fff52f4d000 	C:\WINDOWS\System32\WS2_32.dll
0x00007fff4d7e0000 - 0x00007fff4d804000 	C:\WINDOWS\SYSTEM32\WINMM.dll
0x00007fff4d350000 - 0x00007fff4d37d000 	C:\WINDOWS\SYSTEM32\winmmbase.dll
0x00007fff4ffe0000 - 0x00007fff5002a000 	C:\WINDOWS\System32\cfgmgr32.dll
0x00007fff488d0000 - 0x00007fff488df000 	C:\Program Files\Android\Android Studio\jre\jre\bin\verify.dll
0x00007fff48300000 - 0x00007fff48329000 	C:\Program Files\Android\Android Studio\jre\jre\bin\java.dll
0x00007fff48860000 - 0x00007fff48876000 	C:\Program Files\Android\Android Studio\jre\jre\bin\zip.dll
0x00007fff51480000 - 0x00007fff52970000 	C:\WINDOWS\System32\SHELL32.dll
0x00007fff52c20000 - 0x00007fff52cc8000 	C:\WINDOWS\System32\shcore.dll
0x00007fff4f840000 - 0x00007fff4ff8a000 	C:\WINDOWS\System32\windows.storage.dll
0x00007fff4f750000 - 0x00007fff4f774000 	C:\WINDOWS\System32\profapi.dll
0x00007fff4f780000 - 0x00007fff4f7dd000 	C:\WINDOWS\System32\powrprof.dll
0x00007fff536c0000 - 0x00007fff53712000 	C:\WINDOWS\System32\shlwapi.dll
0x00007fff4f800000 - 0x00007fff4f811000 	C:\WINDOWS\System32\kernel.appcore.dll
0x00007fff4f820000 - 0x00007fff4f837000 	C:\WINDOWS\System32\cryptsp.dll
0x00007fff483c0000 - 0x00007fff483da000 	C:\Program Files\Android\Android Studio\jre\jre\bin\net.dll
0x00007fff4ef70000 - 0x00007fff4efd7000 	C:\WINDOWS\system32\mswsock.dll
0x00007fff482e0000 - 0x00007fff482f1000 	C:\Program Files\Android\Android Studio\jre\jre\bin\nio.dll
0x00007fff47b00000 - 0x00007fff47b1e000 	C:\Users\apple\.gradle\native\25\windows-amd64\native-platform.dll
0x00007fff484c0000 - 0x00007fff484cd000 	C:\Program Files\Android\Android Studio\jre\jre\bin\management.dll
0x00007fff4eb30000 - 0x00007fff4eb63000 	C:\WINDOWS\system32\rsaenh.dll
0x00007fff4ff90000 - 0x00007fff4ffb6000 	C:\WINDOWS\System32\bcrypt.dll
0x00007fff4f680000 - 0x00007fff4f6a8000 	C:\WINDOWS\SYSTEM32\USERENV.dll
0x00007fff4f140000 - 0x00007fff4f14c000 	C:\WINDOWS\SYSTEM32\CRYPTBASE.dll
0x00007fff4ecd0000 - 0x00007fff4ed0d000 	C:\WINDOWS\SYSTEM32\IPHLPAPI.DLL
0x00007fff52ae0000 - 0x00007fff52ae8000 	C:\WINDOWS\System32\NSI.dll
0x00007fff42ab0000 - 0x00007fff42ac6000 	C:\WINDOWS\SYSTEM32\dhcpcsvc6.DLL
0x00007fff42a90000 - 0x00007fff42aac000 	C:\WINDOWS\SYSTEM32\dhcpcsvc.DLL
0x00007fff4ed10000 - 0x00007fff4edd6000 	C:\WINDOWS\SYSTEM32\DNSAPI.dll
0x00007fff47e20000 - 0x00007fff47e44000 	C:\Program Files\Android\Android Studio\jre\jre\bin\sunec.dll
0x00007fff405f0000 - 0x00007fff405fa000 	C:\Windows\System32\rasadhlp.dll
0x00007fff42170000 - 0x00007fff421e9000 	C:\WINDOWS\System32\fwpuclnt.dll
0x00007fff48110000 - 0x00007fff4811b000 	C:\Program Files\Android\Android Studio\jre\jre\bin\sunmscapi.dll
0x00007fff50720000 - 0x00007fff508fb000 	C:\WINDOWS\System32\CRYPT32.dll
0x00007fff4f7e0000 - 0x00007fff4f7f2000 	C:\WINDOWS\System32\MSASN1.dll
0x00007fff47a80000 - 0x00007fff47a9e000 	C:\Users\apple\AppData\Local\Temp\native-platform337246358146002919dir\native-platform.dll
0x00007fff4e810000 - 0x00007fff4e841000 	C:\WINDOWS\SYSTEM32\ntmarta.dll

VM Arguments:
jvm_args: -Xmx1536m -Dfile.encoding=x-windows-949 -Duser.country=KR -Duser.language=ko -Duser.variant 
java_command: org.gradle.launcher.daemon.bootstrap.GradleDaemon 4.6
java_class_path (initial): C:\Users\apple\.gradle\wrapper\dists\gradle-4.6-all\bcst21l2brirad8k2ben1letg\gradle-4.6\lib\gradle-launcher-4.6.jar
Launcher Type: SUN_STANDARD

Environment Variables:
JAVA_HOME=C:\Program Files\Java\jdk-11.0.2
CLASSPATH=C:\Program Files\Java\jdk-11.0.2\lib
PATH=C:\Program Files\Java\jdk-11.0.2\bin;C:\oraclexe\app\oracle\product\10.2.0\server\bin;C:\app\apple\product\11.2.0\dbhome_1\bin;C:\Program Files (x86)\Intel\iCLS Client\;C:\Program Files\Intel\iCLS Client\;C:\WINDOWS\system32;C:\WINDOWS;C:\WINDOWS\System32\Wbem;C:\WINDOWS\System32\WindowsPowerShell\v1.0\;C:\WINDOWS\System32\OpenSSH\;C:\Program Files\Java\jdk-11.0.2\bin;C:\Program Files\Git\cmd;C:\Apache24\bin;C:\Users\apple\AppData\Local\Programs\Python\Python37-32\Scripts\;C:\Users\apple\AppData\Local\Programs\Python\Python37-32\;C:\Users\apple\AppData\Local\Microsoft\WindowsApps;C:\Program Files\Bandizip\
USERNAME=apple
OS=Windows_NT
PROCESSOR_IDENTIFIER=Intel64 Family 6 Model 69 Stepping 1, GenuineIntel



---------------  S Y S T E M  ---------------

OS: Windows 10.0 , 64 bit Build 17763 (10.0.17763.437)

CPU:total 4 (initial active 4) (2 cores per cpu, 2 threads per core) family 6 model 69 stepping 1, cmov, cx8, fxsr, mmx, sse, sse2, sse3, ssse3, sse4.1, sse4.2, popcnt, avx, avx2, aes, clmul, erms, lzcnt, ht, tsc, tscinvbit, bmi1, bmi2

Memory: 4k page, physical 8294660k(2874252k free), swap 18133152k(5596k free)

vm_info: OpenJDK 64-Bit Server VM (25.152-b06) for windows-amd64 JRE (1.8.0_152-release-1136-b06), built by "builder" with MS VC++ 10.0 (VS2010)

time: Thu May 02 16:18:06 2019
elapsed time: 297 seconds (0d 0h 4m 57s)

